17:43:06.391 [main                     ] DEBUG GameApplication      - Logger initialized
17:43:06.412 [main                     ] DEBUG GameApplication      - Logging settings
Title: Basic Game App
Version: 0.1
Width: 600
Height: 600
Fullscreen: false
Intro: false
Menus: false
Profiling: false
Single step:false
App Mode: DEVELOPER
Menu Key: ESCAPE
Stage Style: DECORATED
Scene Factory: class com.almasb.fxgl.app.SceneFactory
Dialog Factory: class com.almasb.fxgl.ui.FXGLDialogFactory
UI Factory: class com.almasb.fxgl.ui.FXGLUIFactory

17:43:06.811 [JavaFX Application Thread] DEBUG Engine               - Initializing FXGL
17:43:06.812 [JavaFX Application Thread] INFO  Engine               - FXGL-11.6 (17.11.2019 13.16) on WINDOWS (J:12 FX:12.0.1)
17:43:06.812 [JavaFX Application Thread] INFO  Engine               - Source code and latest versions at: https://github.com/AlmasB/FXGL
17:43:06.813 [JavaFX Application Thread] INFO  Engine               -              Join the FXGL chat at: https://gitter.im/AlmasB/FXGL
17:43:06.813 [JavaFX Application Thread] DEBUG Engine               - Initializing environment variables
17:43:06.816 [JavaFX Application Thread] DEBUG Engine               - Logging environment variables
17:43:06.816 [JavaFX Application Thread] DEBUG Engine               - achievements: []
17:43:06.816 [JavaFX Application Thread] DEBUG Engine               - sceneStack: com.almasb.fxgl.app.Engine@aac8086
17:43:06.817 [JavaFX Application Thread] DEBUG Engine               - isCloseConfirmation: false
17:43:06.817 [JavaFX Application Thread] DEBUG Engine               - language: ObjectProperty [value: ENGLISH]
17:43:06.817 [JavaFX Application Thread] DEBUG Engine               - isProfilingEnabled: false
17:43:06.817 [JavaFX Application Thread] DEBUG Engine               - soundNotification: core/notification.wav
17:43:06.817 [JavaFX Application Thread] DEBUG Engine               - devShowBBoxProperty: BooleanProperty [value: false]
17:43:06.819 [JavaFX Application Thread] DEBUG Engine               - pixelsPerMeter: 50.0
17:43:06.819 [JavaFX Application Thread] DEBUG Engine               - overlayRoot: Group@7bd21e78
17:43:06.820 [JavaFX Application Thread] DEBUG Engine               - appIcon: fxgl_icon.png
17:43:06.820 [JavaFX Application Thread] DEBUG Engine               - soundMenuBack: menu/back.wav
17:43:06.820 [JavaFX Application Thread] DEBUG Engine               - isFullScreenAllowed: false
17:43:06.820 [JavaFX Application Thread] DEBUG Engine               - isIntroEnabled: false
17:43:06.820 [JavaFX Application Thread] DEBUG Engine               - eventBus: com.almasb.fxgl.event.EventBus@5de5ac1d
17:43:06.821 [JavaFX Application Thread] DEBUG Engine               - fontMono: lucida_console.ttf
17:43:06.821 [JavaFX Application Thread] DEBUG Engine               - soundMenuSelect: menu/select.wav
17:43:06.821 [JavaFX Application Thread] DEBUG Engine               - isWindows: true
17:43:06.821 [JavaFX Application Thread] DEBUG Engine               - isMobile: false
17:43:06.821 [JavaFX Application Thread] DEBUG Engine               - height: 600
17:43:06.821 [JavaFX Application Thread] DEBUG Engine               - isExperimentalNative: false
17:43:06.821 [JavaFX Application Thread] DEBUG Engine               - isSingleStep: false
17:43:06.822 [JavaFX Application Thread] DEBUG Engine               - cSSList: [fxgl_dark.css]
17:43:06.822 [JavaFX Application Thread] DEBUG Engine               - fontGame: Abel-Regular.ttf
17:43:06.822 [JavaFX Application Thread] DEBUG Engine               - menuKey: ESCAPE
17:43:06.822 [JavaFX Application Thread] DEBUG Engine               - devShowPositionProperty: BooleanProperty [value: false]
17:43:06.822 [JavaFX Application Thread] DEBUG Engine               - versionCheckDays: 7
17:43:06.822 [JavaFX Application Thread] DEBUG Engine               - masterTimer: com.almasb.fxgl.time.Timer@33a3af97
17:43:06.822 [JavaFX Application Thread] DEBUG Engine               - configClass: Optional.empty
17:43:06.823 [JavaFX Application Thread] DEBUG Engine               - isFullScreenFromStart: false
17:43:06.823 [JavaFX Application Thread] DEBUG Engine               - version: 0.1
17:43:06.823 [JavaFX Application Thread] DEBUG Engine               - fullScreen: BooleanProperty [value: false]
17:43:06.823 [JavaFX Application Thread] DEBUG Engine               - dialogFactory: com.almasb.fxgl.ui.FXGLDialogFactory@2264edc
17:43:06.823 [JavaFX Application Thread] DEBUG Engine               - applicationMode: DEVELOPER
17:43:06.823 [JavaFX Application Thread] DEBUG Engine               - isMac: false
17:43:06.823 [JavaFX Application Thread] DEBUG Engine               - urlGoogleForms: https://goo.gl/forms/6wrMnOBxTE1fEpOy2
17:43:06.823 [JavaFX Application Thread] DEBUG Engine               - isMenuEnabled: false
17:43:06.824 [JavaFX Application Thread] DEBUG Engine               - urlPOM: https://raw.githubusercontent.com/AlmasB/FXGL/master/pom.xml
17:43:06.824 [JavaFX Application Thread] DEBUG Engine               - profileName: user.profile
17:43:06.824 [JavaFX Application Thread] DEBUG Engine               - notificationViewClass: class com.almasb.fxgl.notification.view.XboxNotificationView
17:43:06.824 [JavaFX Application Thread] DEBUG Engine               - devSensorColorProperty: ObjectProperty [value: 0xffff00ff]
17:43:06.824 [JavaFX Application Thread] DEBUG Engine               - sceneFactory: com.almasb.fxgl.app.SceneFactory@69ecb13e
17:43:06.824 [JavaFX Application Thread] DEBUG Engine               - dataFileExt: .dat
17:43:06.824 [JavaFX Application Thread] DEBUG Engine               - stageStyle: DECORATED
17:43:06.824 [JavaFX Application Thread] DEBUG Engine               - isManualResizeEnabled: false
17:43:06.825 [JavaFX Application Thread] DEBUG Engine               - title: Basic Game App
17:43:06.825 [JavaFX Application Thread] DEBUG Engine               - platform: WINDOWS
17:43:06.825 [JavaFX Application Thread] DEBUG Engine               - devBBoxColorProperty: ObjectProperty [value: 0xff0000ff]
17:43:06.825 [JavaFX Application Thread] DEBUG Engine               - isDesktop: true
17:43:06.825 [JavaFX Application Thread] DEBUG Engine               - credits: []
17:43:06.825 [JavaFX Application Thread] DEBUG Engine               - globalMusicVolumeProperty: DoubleProperty [value: 0.5]
17:43:06.825 [JavaFX Application Thread] DEBUG Engine               - isPreserveResizeRatio: false
17:43:06.826 [JavaFX Application Thread] DEBUG Engine               - uIFactory: com.almasb.fxgl.ui.FXGLUIFactory@19996d5a
17:43:06.826 [JavaFX Application Thread] DEBUG Engine               - fontText: Courier-Prime.ttf
17:43:06.826 [JavaFX Application Thread] DEBUG Engine               - isExperimentalTiledLargeMap: false
17:43:06.826 [JavaFX Application Thread] DEBUG Engine               - secondsIn24h: 60
17:43:06.826 [JavaFX Application Thread] DEBUG Engine               - runtimeInfo: RuntimeInfo(platform=WINDOWS, version=11.6, build=17.11.2019 13.16)
17:43:06.826 [JavaFX Application Thread] DEBUG Engine               - isLinux: false
17:43:06.826 [JavaFX Application Thread] DEBUG Engine               - soundMenuPress: menu/press.wav
17:43:06.826 [JavaFX Application Thread] DEBUG Engine               - urlGithub: https://github.com/AlmasB/FXGL
17:43:06.827 [JavaFX Application Thread] DEBUG Engine               - profileDir: profiles/
17:43:06.827 [JavaFX Application Thread] DEBUG Engine               - isDeveloperMenuEnabled: false
17:43:06.827 [JavaFX Application Thread] DEBUG Engine               - globalSoundVolumeProperty: DoubleProperty [value: 0.5]
17:43:06.827 [JavaFX Application Thread] DEBUG Engine               - isBrowser: false
17:43:06.827 [JavaFX Application Thread] DEBUG Engine               - urlLeaderboard: http://fxgl-top.herokuapp.com/
17:43:06.827 [JavaFX Application Thread] DEBUG Engine               - globalSoundVolume: 0.5
17:43:06.827 [JavaFX Application Thread] DEBUG Engine               - saveDir: saves/
17:43:06.828 [JavaFX Application Thread] DEBUG Engine               - engineServices: [class com.almasb.fxgl.audio.AudioPlayer, class com.almasb.fxgl.notification.impl.NotificationServiceProvider, class com.almasb.fxgl.achievement.AchievementManager, class com.almasb.fxgl.cutscene.CutsceneService, class com.almasb.fxgl.minigames.MiniGameService]
17:43:06.828 [JavaFX Application Thread] DEBUG Engine               - globalMusicVolume: 0.5
17:43:06.828 [JavaFX Application Thread] DEBUG Engine               - width: 600
17:43:06.828 [JavaFX Application Thread] DEBUG Engine               - saveFileExt: .sav
17:43:06.828 [JavaFX Application Thread] DEBUG Engine               - isAndroid: false
17:43:06.828 [JavaFX Application Thread] DEBUG Engine               - fontUI: VarelaRound-Regular.ttf
17:43:06.828 [JavaFX Application Thread] DEBUG Engine               - enabledMenuItems: []
17:43:06.829 [JavaFX Application Thread] DEBUG Engine               - isIOS: false
17:43:06.832 [JavaFX Application Thread] DEBUG Engine               - Adding new engine service: class com.almasb.fxgl.audio.AudioPlayer
17:43:06.833 [JavaFX Application Thread] DEBUG Engine               - Adding new engine service: class com.almasb.fxgl.notification.impl.NotificationServiceProvider
17:43:06.834 [JavaFX Application Thread] DEBUG Engine               - Adding new engine service: class com.almasb.fxgl.achievement.AchievementManager
17:43:06.835 [JavaFX Application Thread] DEBUG Engine               - Adding new engine service: class com.almasb.fxgl.cutscene.CutsceneService
17:43:06.835 [JavaFX Application Thread] DEBUG Engine               - Adding new engine service: class com.almasb.fxgl.minigames.MiniGameService
17:43:06.838 [JavaFX Application Thread] DEBUG Engine               - Loading localizations
17:43:06.842 [JavaFX Application Thread] DEBUG AssetLoader          - Loading from file system: /assets/properties/languages/english.properties
17:43:06.845 [JavaFX Application Thread] DEBUG AssetLoader          - Loading from file system: /assets/properties/languages/french.properties
17:43:06.847 [JavaFX Application Thread] DEBUG AssetLoader          - Loading from file system: /assets/properties/languages/german.properties
17:43:06.849 [JavaFX Application Thread] DEBUG AssetLoader          - Loading from file system: /assets/properties/languages/russian.properties
17:43:06.851 [JavaFX Application Thread] DEBUG AssetLoader          - Loading from file system: /assets/properties/languages/hungarian.properties
17:43:06.853 [JavaFX Application Thread] DEBUG Engine               - Registering font factories
17:43:06.854 [JavaFX Application Thread] DEBUG AssetLoader          - Loading from file system: /assets/ui/fonts/VarelaRound-Regular.ttf
17:43:06.960 [JavaFX Application Thread] DEBUG AssetLoader          - Loading from file system: /assets/ui/fonts/Abel-Regular.ttf
17:43:06.963 [JavaFX Application Thread] DEBUG AssetLoader          - Loading from file system: /assets/ui/fonts/lucida_console.ttf
17:43:06.968 [JavaFX Application Thread] DEBUG AssetLoader          - Loading from file system: /assets/ui/fonts/Courier-Prime.ttf
17:43:06.972 [JavaFX Application Thread] DEBUG Engine               - Setting UI factory
17:43:07.093 [JavaFX Application Thread] DEBUG AssetLoader          - Loading from file system: /assets/textures/fxgl_logo.png
17:43:07.182 [JavaFX Application Thread] DEBUG MainWindow           - Creating a JavaFX scene
17:43:07.242 [JavaFX Application Thread] DEBUG MainWindow           - Target settings size: 600.0 x 600.0
17:43:07.242 [JavaFX Application Thread] DEBUG MainWindow           - Scaled scene size:    600.0 x 600.0
17:43:07.242 [JavaFX Application Thread] DEBUG MainWindow           - Scaled ratio: (1.0, 1.0)
17:43:07.244 [JavaFX Application Thread] DEBUG MainWindow           - Set initial scene to FXGLStartupScene
17:43:07.253 [JavaFX Application Thread] DEBUG AssetLoader          - Loading from file system: /assets/textures/fxgl_icon.png
17:43:07.273 [JavaFX Application Thread] DEBUG Engine               - Applying CSS: fxgl_dark.css
17:43:07.274 [JavaFX Application Thread] DEBUG AssetLoader          - Loading from file system: /assets/ui/css/fxgl_dark.css
17:43:07.277 [JavaFX Application Thread] DEBUG AssetLoader          - Loading from file system: /assets/ui/cursors/fxgl_default.png
17:43:07.279 [JavaFX Application Thread] DEBUG MainWindow           - Opening main window
17:43:07.454 [JavaFX Application Thread] DEBUG MainWindow           - Window border size: (16.0, 38.0)
17:43:07.454 [JavaFX Application Thread] DEBUG MainWindow           - Scaled size: 600.0 x 600.0
17:43:07.454 [JavaFX Application Thread] DEBUG MainWindow           - Scaled ratio: (1.0, 1.0)
17:43:07.455 [JavaFX Application Thread] DEBUG MainWindow           - Scene size: 600.0 x 600.0
17:43:07.455 [JavaFX Application Thread] DEBUG MainWindow           - Stage size: 616.0 x 638.0
17:43:07.469 [FXGL Background Thread 1 ] DEBUG FS                   - Loaded FSServiceImpl
17:43:07.471 [FXGL Background Thread 1 ] DEBUG Engine               - Loading FXGL system data
17:43:07.476 [FXGL Background Thread 1 ] DEBUG FSServiceImpl        - Reading from: c:\Users\Mauricio\Documents\NetBeansProjects\rogueworld\system\fxgl.bundle
17:43:07.488 [FXGL Background Thread 1 ] DEBUG Engine               - Bundle FXGL: {}
17:43:07.488 [FXGL Background Thread 1 ] DEBUG Engine               - Initializing application scenes
17:43:07.597 [FXGL Background Thread 1 ] DEBUG GameWorld            - Game world initialized
17:43:07.650 [FXGL Background Thread 1 ] DEBUG PhysicsWorld         - Physics world initialized: appHeight=600, physics.ppm=50,0
17:43:07.652 [FXGL Background Thread 1 ] DEBUG GameScene            - Game scene initialized: 600x600
17:43:07.692 [FXGL Background Thread 1 ] DEBUG Input                - Registered new binding: Resume - Esc
17:43:07.693 [FXGL Background Thread 1 ] DEBUG AssetLoader          - Loading from file system: /assets/textures/pause_menu_bg.png
17:43:07.727 [FXGL Background Thread 1 ] DEBUG Input                - Registered new binding: Pause - Esc
17:43:07.727 [FXGL Background Thread 1 ] DEBUG Engine               - Application scenes initialized
17:43:07.731 [JavaFX Application Thread] DEBUG Engine               - Running preInit()
17:43:07.732 [JavaFX Application Thread] DEBUG Input                - Registered new binding: Move Right - D
17:43:07.732 [JavaFX Application Thread] DEBUG Input                - Registered new binding: Move Left - A
17:43:07.732 [JavaFX Application Thread] DEBUG Input                - Registered new binding: Move Up - W
17:43:07.733 [JavaFX Application Thread] DEBUG Input                - Registered new binding: Move Down - S
17:43:07.734 [JavaFX Application Thread] DEBUG Input                - Registered new binding: Screenshot - P
17:43:07.734 [JavaFX Application Thread] DEBUG Input                - Registered new binding: System info dump - CTRL+9
17:43:07.734 [JavaFX Application Thread] DEBUG Input                - Registered new binding: Restart - CTRL+R
17:43:07.735 [JavaFX Application Thread] DEBUG Engine               - generateDefaultProfile()
17:43:07.735 [JavaFX Application Thread] DEBUG Engine               - Creating default profile
17:43:07.735 [JavaFX Application Thread] DEBUG EventBus             - Firing event: SaveEvent
17:43:07.751 [JavaFX Application Thread] INFO  Engine               - FXGL initialization took: 0,912 sec
17:43:07.751 [JavaFX Application Thread] DEBUG LoopRunner           - Starting loop
17:43:07.767 [JavaFX Application Thread] DEBUG FXGLStartupScene     - STARTUP
17:43:07.768 [JavaFX Application Thread] DEBUG Engine               - Starting new game
17:43:07.777 [JavaFX Application Thread] DEBUG Input                - Clearing active input actions
17:43:07.778 [FXGL Background Thread 1 ] DEBUG InitAppTask          - Clearing previous game
17:43:07.778 [FXGL Background Thread 1 ] DEBUG GameWorld            - Clearing game world
17:43:07.778 [FXGL Background Thread 1 ] DEBUG PhysicsWorld         - Clearing physics world
17:43:07.778 [FXGL Background Thread 1 ] DEBUG GameScene            - Clearing game scene
17:43:07.779 [FXGL Background Thread 1 ] DEBUG InitAppTask          - Initializing Game
17:43:07.785 [FXGL Background Thread 1 ] DEBUG InitAppTask          - Initializing Physics
17:43:07.785 [FXGL Background Thread 1 ] DEBUG InitAppTask          - Initializing UI
17:43:07.798 [JavaFX Application Thread] DEBUG Engine               - Removing overlay from FXGLStartupScene and adding to LoadingScene
17:43:07.798 [JavaFX Application Thread] DEBUG MainWindow           - FXGLStartupScene -> LoadingScene
17:43:07.805 [FXGL Background Thread 1 ] DEBUG InitAppTask          - Initialization Complete
17:43:07.805 [FXGL Background Thread 1 ] INFO  InitAppTask          - Game initialization took: 0,027 sec
17:43:07.874 [JavaFX Application Thread] DEBUG Input                - Clearing active input actions
17:43:07.886 [JavaFX Application Thread] DEBUG Engine               - Removing overlay from LoadingScene and adding to GameScene
17:43:07.886 [JavaFX Application Thread] DEBUG MainWindow           - LoadingScene -> GameScene
17:43:11.777 [JavaFX Application Thread] DEBUG Engine               - Exiting FXGL
17:43:11.778 [JavaFX Application Thread] DEBUG Engine               - Shutting down background threads
17:43:11.779 [JavaFX Application Thread] DEBUG Engine               - Saving FXGL system data
17:43:11.787 [JavaFX Application Thread] DEBUG FSServiceImpl        - Writing to: c:\Users\Mauricio\Documents\NetBeansProjects\rogueworld\system\fxgl.bundle
17:43:11.795 [JavaFX Application Thread] DEBUG Engine               - Closing logger and exiting JavaFX
