09:53:06.112 [main                     ] DEBUG GameApplication      - Logger initialized
09:53:06.185 [main                     ] DEBUG GameApplication      - Logging settings
Title: Basic Game App
Version: 0.1
Width: 600
Height: 600
Fullscreen: false
Intro: false
Menus: false
Profiling: false
Single step:false
App Mode: DEVELOPER
Menu Key: ESCAPE
Stage Style: DECORATED
Scene Factory: class com.almasb.fxgl.app.SceneFactory
Dialog Factory: class com.almasb.fxgl.ui.FXGLDialogFactory
UI Factory: class com.almasb.fxgl.ui.FXGLUIFactory

09:53:06.681 [JavaFX Application Thread] DEBUG Engine               - Initializing FXGL
09:53:06.681 [JavaFX Application Thread] INFO  Engine               - FXGL-11.6 (17.11.2019 13.16) on WINDOWS (J:12 FX:12.0.1)
09:53:06.681 [JavaFX Application Thread] INFO  Engine               - Source code and latest versions at: https://github.com/AlmasB/FXGL
09:53:06.682 [JavaFX Application Thread] INFO  Engine               -              Join the FXGL chat at: https://gitter.im/AlmasB/FXGL
09:53:06.682 [JavaFX Application Thread] DEBUG Engine               - Initializing environment variables
09:53:06.694 [JavaFX Application Thread] DEBUG Engine               - Logging environment variables
09:53:06.695 [JavaFX Application Thread] DEBUG Engine               - achievements: []
09:53:06.700 [JavaFX Application Thread] DEBUG Engine               - sceneStack: com.almasb.fxgl.app.Engine@6beb45e6
09:53:06.702 [JavaFX Application Thread] DEBUG Engine               - isCloseConfirmation: false
09:53:06.704 [JavaFX Application Thread] DEBUG Engine               - language: ObjectProperty [value: ENGLISH]
09:53:06.705 [JavaFX Application Thread] DEBUG Engine               - isProfilingEnabled: false
09:53:06.709 [JavaFX Application Thread] DEBUG Engine               - soundNotification: core/notification.wav
09:53:06.710 [JavaFX Application Thread] DEBUG Engine               - devShowBBoxProperty: BooleanProperty [value: false]
09:53:06.720 [JavaFX Application Thread] DEBUG Engine               - pixelsPerMeter: 50.0
09:53:06.721 [JavaFX Application Thread] DEBUG Engine               - overlayRoot: Group@1a4921d1
09:53:06.723 [JavaFX Application Thread] DEBUG Engine               - appIcon: fxgl_icon.png
09:53:06.727 [JavaFX Application Thread] DEBUG Engine               - soundMenuBack: menu/back.wav
09:53:06.728 [JavaFX Application Thread] DEBUG Engine               - isFullScreenAllowed: false
09:53:06.729 [JavaFX Application Thread] DEBUG Engine               - isIntroEnabled: false
09:53:06.731 [JavaFX Application Thread] DEBUG Engine               - eventBus: com.almasb.fxgl.event.EventBus@67c96047
09:53:06.731 [JavaFX Application Thread] DEBUG Engine               - fontMono: lucida_console.ttf
09:53:06.732 [JavaFX Application Thread] DEBUG Engine               - soundMenuSelect: menu/select.wav
09:53:06.732 [JavaFX Application Thread] DEBUG Engine               - isWindows: true
09:53:06.733 [JavaFX Application Thread] DEBUG Engine               - isMobile: false
09:53:06.734 [JavaFX Application Thread] DEBUG Engine               - height: 600
09:53:06.735 [JavaFX Application Thread] DEBUG Engine               - isExperimentalNative: false
09:53:06.735 [JavaFX Application Thread] DEBUG Engine               - isSingleStep: false
09:53:06.736 [JavaFX Application Thread] DEBUG Engine               - cSSList: [fxgl_dark.css]
09:53:06.739 [JavaFX Application Thread] DEBUG Engine               - fontGame: Abel-Regular.ttf
09:53:06.740 [JavaFX Application Thread] DEBUG Engine               - menuKey: ESCAPE
09:53:06.743 [JavaFX Application Thread] DEBUG Engine               - devShowPositionProperty: BooleanProperty [value: false]
09:53:06.743 [JavaFX Application Thread] DEBUG Engine               - versionCheckDays: 7
09:53:06.744 [JavaFX Application Thread] DEBUG Engine               - masterTimer: com.almasb.fxgl.time.Timer@56bcdd2d
09:53:06.745 [JavaFX Application Thread] DEBUG Engine               - configClass: Optional.empty
09:53:06.746 [JavaFX Application Thread] DEBUG Engine               - isFullScreenFromStart: false
09:53:06.746 [JavaFX Application Thread] DEBUG Engine               - version: 0.1
09:53:06.747 [JavaFX Application Thread] DEBUG Engine               - fullScreen: BooleanProperty [value: false]
09:53:06.748 [JavaFX Application Thread] DEBUG Engine               - dialogFactory: com.almasb.fxgl.ui.FXGLDialogFactory@4edd7aac
09:53:06.749 [JavaFX Application Thread] DEBUG Engine               - applicationMode: DEVELOPER
09:53:06.749 [JavaFX Application Thread] DEBUG Engine               - isMac: false
09:53:06.752 [JavaFX Application Thread] DEBUG Engine               - urlGoogleForms: https://goo.gl/forms/6wrMnOBxTE1fEpOy2
09:53:06.753 [JavaFX Application Thread] DEBUG Engine               - isMenuEnabled: false
09:53:06.753 [JavaFX Application Thread] DEBUG Engine               - urlPOM: https://raw.githubusercontent.com/AlmasB/FXGL/master/pom.xml
09:53:06.754 [JavaFX Application Thread] DEBUG Engine               - profileName: user.profile
09:53:06.754 [JavaFX Application Thread] DEBUG Engine               - notificationViewClass: class com.almasb.fxgl.notification.view.XboxNotificationView
09:53:06.755 [JavaFX Application Thread] DEBUG Engine               - devSensorColorProperty: ObjectProperty [value: 0xffff00ff]
09:53:06.756 [JavaFX Application Thread] DEBUG Engine               - sceneFactory: com.almasb.fxgl.app.SceneFactory@1dc98d0f
09:53:06.757 [JavaFX Application Thread] DEBUG Engine               - dataFileExt: .dat
09:53:06.757 [JavaFX Application Thread] DEBUG Engine               - stageStyle: DECORATED
09:53:06.758 [JavaFX Application Thread] DEBUG Engine               - isManualResizeEnabled: false
09:53:06.759 [JavaFX Application Thread] DEBUG Engine               - title: Basic Game App
09:53:06.759 [JavaFX Application Thread] DEBUG Engine               - platform: WINDOWS
09:53:06.761 [JavaFX Application Thread] DEBUG Engine               - devBBoxColorProperty: ObjectProperty [value: 0xff0000ff]
09:53:06.761 [JavaFX Application Thread] DEBUG Engine               - isDesktop: true
09:53:06.764 [JavaFX Application Thread] DEBUG Engine               - credits: []
09:53:06.765 [JavaFX Application Thread] DEBUG Engine               - globalMusicVolumeProperty: DoubleProperty [value: 0.5]
09:53:06.766 [JavaFX Application Thread] DEBUG Engine               - isPreserveResizeRatio: false
09:53:06.766 [JavaFX Application Thread] DEBUG Engine               - uIFactory: com.almasb.fxgl.ui.FXGLUIFactory@312e0da9
09:53:06.767 [JavaFX Application Thread] DEBUG Engine               - fontText: Courier-Prime.ttf
09:53:06.767 [JavaFX Application Thread] DEBUG Engine               - isExperimentalTiledLargeMap: false
09:53:06.768 [JavaFX Application Thread] DEBUG Engine               - secondsIn24h: 60
09:53:06.768 [JavaFX Application Thread] DEBUG Engine               - runtimeInfo: RuntimeInfo(platform=WINDOWS, version=11.6, build=17.11.2019 13.16)
09:53:06.788 [JavaFX Application Thread] DEBUG Engine               - isLinux: false
09:53:06.789 [JavaFX Application Thread] DEBUG Engine               - soundMenuPress: menu/press.wav
09:53:06.789 [JavaFX Application Thread] DEBUG Engine               - urlGithub: https://github.com/AlmasB/FXGL
09:53:06.790 [JavaFX Application Thread] DEBUG Engine               - profileDir: profiles/
09:53:06.790 [JavaFX Application Thread] DEBUG Engine               - isDeveloperMenuEnabled: false
09:53:06.791 [JavaFX Application Thread] DEBUG Engine               - globalSoundVolumeProperty: DoubleProperty [value: 0.5]
09:53:06.791 [JavaFX Application Thread] DEBUG Engine               - isBrowser: false
09:53:06.791 [JavaFX Application Thread] DEBUG Engine               - urlLeaderboard: http://fxgl-top.herokuapp.com/
09:53:06.792 [JavaFX Application Thread] DEBUG Engine               - globalSoundVolume: 0.5
09:53:06.792 [JavaFX Application Thread] DEBUG Engine               - saveDir: saves/
09:53:06.793 [JavaFX Application Thread] DEBUG Engine               - engineServices: [class com.almasb.fxgl.audio.AudioPlayer, class com.almasb.fxgl.notification.impl.NotificationServiceProvider, class com.almasb.fxgl.achievement.AchievementManager, class com.almasb.fxgl.cutscene.CutsceneService, class com.almasb.fxgl.minigames.MiniGameService]
09:53:06.793 [JavaFX Application Thread] DEBUG Engine               - globalMusicVolume: 0.5
09:53:06.794 [JavaFX Application Thread] DEBUG Engine               - width: 600
09:53:06.794 [JavaFX Application Thread] DEBUG Engine               - saveFileExt: .sav
09:53:06.794 [JavaFX Application Thread] DEBUG Engine               - isAndroid: false
09:53:06.795 [JavaFX Application Thread] DEBUG Engine               - fontUI: VarelaRound-Regular.ttf
09:53:06.796 [JavaFX Application Thread] DEBUG Engine               - enabledMenuItems: []
09:53:06.796 [JavaFX Application Thread] DEBUG Engine               - isIOS: false
09:53:06.808 [JavaFX Application Thread] DEBUG Engine               - Adding new engine service: class com.almasb.fxgl.audio.AudioPlayer
09:53:06.815 [JavaFX Application Thread] DEBUG Engine               - Adding new engine service: class com.almasb.fxgl.notification.impl.NotificationServiceProvider
09:53:06.816 [JavaFX Application Thread] DEBUG Engine               - Adding new engine service: class com.almasb.fxgl.achievement.AchievementManager
09:53:06.817 [JavaFX Application Thread] DEBUG Engine               - Adding new engine service: class com.almasb.fxgl.cutscene.CutsceneService
09:53:06.817 [JavaFX Application Thread] DEBUG Engine               - Adding new engine service: class com.almasb.fxgl.minigames.MiniGameService
09:53:06.820 [JavaFX Application Thread] DEBUG Engine               - Loading localizations
09:53:06.823 [JavaFX Application Thread] DEBUG AssetLoader          - Loading from file system: /assets/properties/languages/english.properties
09:53:06.828 [JavaFX Application Thread] DEBUG AssetLoader          - Loading from file system: /assets/properties/languages/french.properties
09:53:06.831 [JavaFX Application Thread] DEBUG AssetLoader          - Loading from file system: /assets/properties/languages/german.properties
09:53:06.832 [JavaFX Application Thread] DEBUG AssetLoader          - Loading from file system: /assets/properties/languages/russian.properties
09:53:06.834 [JavaFX Application Thread] DEBUG AssetLoader          - Loading from file system: /assets/properties/languages/hungarian.properties
09:53:06.837 [JavaFX Application Thread] DEBUG Engine               - Registering font factories
09:53:06.837 [JavaFX Application Thread] DEBUG AssetLoader          - Loading from file system: /assets/ui/fonts/VarelaRound-Regular.ttf
09:53:06.954 [JavaFX Application Thread] DEBUG AssetLoader          - Loading from file system: /assets/ui/fonts/Abel-Regular.ttf
09:53:06.958 [JavaFX Application Thread] DEBUG AssetLoader          - Loading from file system: /assets/ui/fonts/lucida_console.ttf
09:53:06.968 [JavaFX Application Thread] DEBUG AssetLoader          - Loading from file system: /assets/ui/fonts/Courier-Prime.ttf
09:53:06.972 [JavaFX Application Thread] DEBUG Engine               - Setting UI factory
09:53:07.099 [JavaFX Application Thread] DEBUG AssetLoader          - Loading from file system: /assets/textures/fxgl_logo.png
09:53:07.288 [JavaFX Application Thread] DEBUG MainWindow           - Creating a JavaFX scene
09:53:07.344 [JavaFX Application Thread] DEBUG MainWindow           - Target settings size: 600.0 x 600.0
09:53:07.345 [JavaFX Application Thread] DEBUG MainWindow           - Scaled scene size:    600.0 x 600.0
09:53:07.345 [JavaFX Application Thread] DEBUG MainWindow           - Scaled ratio: (1.0, 1.0)
09:53:07.346 [JavaFX Application Thread] DEBUG MainWindow           - Set initial scene to FXGLStartupScene
09:53:07.356 [JavaFX Application Thread] DEBUG AssetLoader          - Loading from file system: /assets/textures/fxgl_icon.png
09:53:07.377 [JavaFX Application Thread] DEBUG Engine               - Applying CSS: fxgl_dark.css
09:53:07.379 [JavaFX Application Thread] DEBUG AssetLoader          - Loading from file system: /assets/ui/css/fxgl_dark.css
09:53:07.383 [JavaFX Application Thread] DEBUG AssetLoader          - Loading from file system: /assets/ui/cursors/fxgl_default.png
09:53:07.385 [JavaFX Application Thread] DEBUG MainWindow           - Opening main window
09:53:07.705 [JavaFX Application Thread] DEBUG MainWindow           - Window border size: (16.0, 38.0)
09:53:07.706 [JavaFX Application Thread] DEBUG MainWindow           - Scaled size: 600.0 x 600.0
09:53:07.706 [JavaFX Application Thread] DEBUG MainWindow           - Scaled ratio: (1.0, 1.0)
09:53:07.707 [JavaFX Application Thread] DEBUG MainWindow           - Scene size: 600.0 x 600.0
09:53:07.707 [JavaFX Application Thread] DEBUG MainWindow           - Stage size: 616.0 x 638.0
09:53:07.764 [FXGL Background Thread 1 ] DEBUG FS                   - Loaded FSServiceImpl
09:53:07.765 [FXGL Background Thread 1 ] DEBUG Engine               - Loading FXGL system data
09:53:07.775 [FXGL Background Thread 1 ] DEBUG FSServiceImpl        - Reading from: C:\Users\Mauricio\Documents\NetBeansProjects\rogueworld\system\fxgl.bundle
09:53:07.787 [FXGL Background Thread 1 ] DEBUG Engine               - Bundle FXGL: {}
09:53:07.787 [FXGL Background Thread 1 ] DEBUG Engine               - Initializing application scenes
09:53:07.842 [FXGL Background Thread 1 ] DEBUG GameWorld            - Game world initialized
09:53:07.927 [FXGL Background Thread 1 ] DEBUG PhysicsWorld         - Physics world initialized: appHeight=600, physics.ppm=50,0
09:53:07.930 [FXGL Background Thread 1 ] DEBUG GameScene            - Game scene initialized: 600x600
09:53:08.079 [FXGL Background Thread 1 ] DEBUG Input                - Registered new binding: Resume - Esc
09:53:08.080 [FXGL Background Thread 1 ] DEBUG AssetLoader          - Loading from file system: /assets/textures/pause_menu_bg.png
09:53:08.119 [FXGL Background Thread 1 ] DEBUG Input                - Registered new binding: Pause - Esc
09:53:08.119 [FXGL Background Thread 1 ] DEBUG Engine               - Application scenes initialized
09:53:08.128 [JavaFX Application Thread] DEBUG Engine               - Running preInit()
09:53:08.131 [JavaFX Application Thread] DEBUG Input                - Registered new binding: Move Right - D
09:53:08.131 [JavaFX Application Thread] DEBUG Input                - Registered new binding: Move Left - A
09:53:08.132 [JavaFX Application Thread] DEBUG Input                - Registered new binding: Move Up - W
09:53:08.132 [JavaFX Application Thread] DEBUG Input                - Registered new binding: Move Down - S
09:53:08.133 [JavaFX Application Thread] DEBUG Input                - Registered new binding: Screenshot - P
09:53:08.134 [JavaFX Application Thread] DEBUG Input                - Registered new binding: System info dump - CTRL+9
09:53:08.135 [JavaFX Application Thread] DEBUG Input                - Registered new binding: Restart - CTRL+R
09:53:08.135 [JavaFX Application Thread] DEBUG Engine               - generateDefaultProfile()
09:53:08.135 [JavaFX Application Thread] DEBUG Engine               - Creating default profile
09:53:08.135 [JavaFX Application Thread] DEBUG EventBus             - Firing event: SaveEvent
09:53:08.154 [JavaFX Application Thread] INFO  Engine               - FXGL initialization took: 1,333 sec
09:53:08.154 [JavaFX Application Thread] DEBUG LoopRunner           - Starting loop
09:53:08.170 [JavaFX Application Thread] DEBUG FXGLStartupScene     - STARTUP
09:53:08.170 [JavaFX Application Thread] DEBUG Engine               - Starting new game
09:53:08.180 [JavaFX Application Thread] DEBUG Input                - Clearing active input actions
09:53:08.181 [FXGL Background Thread 1 ] DEBUG InitAppTask          - Clearing previous game
09:53:08.181 [FXGL Background Thread 1 ] DEBUG GameWorld            - Clearing game world
09:53:08.181 [FXGL Background Thread 1 ] DEBUG PhysicsWorld         - Clearing physics world
09:53:08.181 [FXGL Background Thread 1 ] DEBUG GameScene            - Clearing game scene
09:53:08.181 [FXGL Background Thread 1 ] DEBUG InitAppTask          - Initializing Game
09:53:08.188 [FXGL Background Thread 1 ] DEBUG InitAppTask          - Initializing Physics
09:53:08.188 [FXGL Background Thread 1 ] DEBUG InitAppTask          - Initializing UI
09:53:08.194 [FXGL Background Thread 1 ] DEBUG InitAppTask          - Initialization Complete
09:53:08.195 [FXGL Background Thread 1 ] INFO  InitAppTask          - Game initialization took: 0,014 sec
09:53:08.243 [JavaFX Application Thread] DEBUG Engine               - Removing overlay from FXGLStartupScene and adding to LoadingScene
09:53:08.244 [JavaFX Application Thread] DEBUG MainWindow           - FXGLStartupScene -> LoadingScene
09:53:08.386 [JavaFX Application Thread] DEBUG Input                - Clearing active input actions
09:53:08.521 [JavaFX Application Thread] DEBUG Engine               - Removing overlay from LoadingScene and adding to GameScene
09:53:08.521 [JavaFX Application Thread] DEBUG MainWindow           - LoadingScene -> GameScene
09:53:17.675 [JavaFX Application Thread] DEBUG Engine               - Exiting FXGL
09:53:17.675 [JavaFX Application Thread] DEBUG Engine               - Shutting down background threads
09:53:17.676 [JavaFX Application Thread] DEBUG Engine               - Saving FXGL system data
09:53:17.678 [JavaFX Application Thread] DEBUG FSServiceImpl        - Writing to: C:\Users\Mauricio\Documents\NetBeansProjects\rogueworld\system\fxgl.bundle
09:53:17.680 [JavaFX Application Thread] DEBUG Engine               - Closing logger and exiting JavaFX
