17:52:07.298 [main                     ] DEBUG GameApplication      - Logger initialized
17:52:07.301 [main                     ] DEBUG GameApplication      - Logging settings
Title: Basic Game App
Version: 0.1
Width: 600
Height: 600
Fullscreen: false
Intro: false
Menus: false
Profiling: false
Single step:false
App Mode: DEVELOPER
Menu Key: ESCAPE
Stage Style: DECORATED
Scene Factory: class com.almasb.fxgl.app.SceneFactory
Dialog Factory: class com.almasb.fxgl.ui.FXGLDialogFactory
UI Factory: class com.almasb.fxgl.ui.FXGLUIFactory

17:52:07.578 [JavaFX Application Thread] DEBUG Engine               - Initializing FXGL
17:52:07.578 [JavaFX Application Thread] INFO  Engine               - FXGL-11.6 (17.11.2019 13.16) on WINDOWS (J:17.0.3.1 FX:11)
17:52:07.578 [JavaFX Application Thread] INFO  Engine               - Source code and latest versions at: https://github.com/AlmasB/FXGL
17:52:07.579 [JavaFX Application Thread] INFO  Engine               -              Join the FXGL chat at: https://gitter.im/AlmasB/FXGL
17:52:07.579 [JavaFX Application Thread] DEBUG Engine               - Initializing environment variables
17:52:07.580 [JavaFX Application Thread] DEBUG Engine               - Logging environment variables
17:52:07.580 [JavaFX Application Thread] DEBUG Engine               - achievements: []
17:52:07.580 [JavaFX Application Thread] DEBUG Engine               - sceneStack: com.almasb.fxgl.app.Engine@66a3a6f0
17:52:07.580 [JavaFX Application Thread] DEBUG Engine               - language: ObjectProperty [value: ENGLISH]
17:52:07.580 [JavaFX Application Thread] DEBUG Engine               - isCloseConfirmation: false
17:52:07.581 [JavaFX Application Thread] DEBUG Engine               - isProfilingEnabled: false
17:52:07.581 [JavaFX Application Thread] DEBUG Engine               - soundNotification: core/notification.wav
17:52:07.581 [JavaFX Application Thread] DEBUG Engine               - devShowBBoxProperty: BooleanProperty [value: false]
17:52:07.581 [JavaFX Application Thread] DEBUG Engine               - pixelsPerMeter: 50.0
17:52:07.582 [JavaFX Application Thread] DEBUG Engine               - overlayRoot: Group@341fc382
17:52:07.582 [JavaFX Application Thread] DEBUG Engine               - appIcon: fxgl_icon.png
17:52:07.582 [JavaFX Application Thread] DEBUG Engine               - soundMenuBack: menu/back.wav
17:52:07.582 [JavaFX Application Thread] DEBUG Engine               - isFullScreenAllowed: false
17:52:07.582 [JavaFX Application Thread] DEBUG Engine               - isIntroEnabled: false
17:52:07.582 [JavaFX Application Thread] DEBUG Engine               - eventBus: com.almasb.fxgl.event.EventBus@3c2d9ee3
17:52:07.582 [JavaFX Application Thread] DEBUG Engine               - fontMono: lucida_console.ttf
17:52:07.582 [JavaFX Application Thread] DEBUG Engine               - soundMenuSelect: menu/select.wav
17:52:07.582 [JavaFX Application Thread] DEBUG Engine               - isWindows: true
17:52:07.582 [JavaFX Application Thread] DEBUG Engine               - isMobile: false
17:52:07.582 [JavaFX Application Thread] DEBUG Engine               - height: 600
17:52:07.582 [JavaFX Application Thread] DEBUG Engine               - isExperimentalNative: false
17:52:07.582 [JavaFX Application Thread] DEBUG Engine               - isSingleStep: false
17:52:07.583 [JavaFX Application Thread] DEBUG Engine               - cSSList: [fxgl_dark.css]
17:52:07.583 [JavaFX Application Thread] DEBUG Engine               - fontGame: Abel-Regular.ttf
17:52:07.583 [JavaFX Application Thread] DEBUG Engine               - menuKey: ESCAPE
17:52:07.583 [JavaFX Application Thread] DEBUG Engine               - devShowPositionProperty: BooleanProperty [value: false]
17:52:07.583 [JavaFX Application Thread] DEBUG Engine               - versionCheckDays: 7
17:52:07.583 [JavaFX Application Thread] DEBUG Engine               - masterTimer: com.almasb.fxgl.time.Timer@47c23bb0
17:52:07.583 [JavaFX Application Thread] DEBUG Engine               - configClass: Optional.empty
17:52:07.583 [JavaFX Application Thread] DEBUG Engine               - isFullScreenFromStart: false
17:52:07.583 [JavaFX Application Thread] DEBUG Engine               - version: 0.1
17:52:07.583 [JavaFX Application Thread] DEBUG Engine               - fullScreen: BooleanProperty [value: false]
17:52:07.583 [JavaFX Application Thread] DEBUG Engine               - dialogFactory: com.almasb.fxgl.ui.FXGLDialogFactory@22a40c22
17:52:07.583 [JavaFX Application Thread] DEBUG Engine               - applicationMode: DEVELOPER
17:52:07.583 [JavaFX Application Thread] DEBUG Engine               - isMac: false
17:52:07.584 [JavaFX Application Thread] DEBUG Engine               - urlGoogleForms: https://goo.gl/forms/6wrMnOBxTE1fEpOy2
17:52:07.584 [JavaFX Application Thread] DEBUG Engine               - isMenuEnabled: false
17:52:07.584 [JavaFX Application Thread] DEBUG Engine               - urlPOM: https://raw.githubusercontent.com/AlmasB/FXGL/master/pom.xml
17:52:07.584 [JavaFX Application Thread] DEBUG Engine               - profileName: user.profile
17:52:07.584 [JavaFX Application Thread] DEBUG Engine               - notificationViewClass: class com.almasb.fxgl.notification.view.XboxNotificationView
17:52:07.584 [JavaFX Application Thread] DEBUG Engine               - devSensorColorProperty: ObjectProperty [value: 0xffff00ff]
17:52:07.584 [JavaFX Application Thread] DEBUG Engine               - sceneFactory: com.almasb.fxgl.app.SceneFactory@68edc827
17:52:07.584 [JavaFX Application Thread] DEBUG Engine               - dataFileExt: .dat
17:52:07.584 [JavaFX Application Thread] DEBUG Engine               - stageStyle: DECORATED
17:52:07.584 [JavaFX Application Thread] DEBUG Engine               - isManualResizeEnabled: false
17:52:07.584 [JavaFX Application Thread] DEBUG Engine               - title: Basic Game App
17:52:07.584 [JavaFX Application Thread] DEBUG Engine               - platform: WINDOWS
17:52:07.585 [JavaFX Application Thread] DEBUG Engine               - devBBoxColorProperty: ObjectProperty [value: 0xff0000ff]
17:52:07.585 [JavaFX Application Thread] DEBUG Engine               - isDesktop: true
17:52:07.585 [JavaFX Application Thread] DEBUG Engine               - globalMusicVolumeProperty: DoubleProperty [value: 0.5]
17:52:07.585 [JavaFX Application Thread] DEBUG Engine               - credits: []
17:52:07.585 [JavaFX Application Thread] DEBUG Engine               - isPreserveResizeRatio: false
17:52:07.585 [JavaFX Application Thread] DEBUG Engine               - uIFactory: com.almasb.fxgl.ui.FXGLUIFactory@38e7895f
17:52:07.585 [JavaFX Application Thread] DEBUG Engine               - fontText: Courier-Prime.ttf
17:52:07.585 [JavaFX Application Thread] DEBUG Engine               - isExperimentalTiledLargeMap: false
17:52:07.585 [JavaFX Application Thread] DEBUG Engine               - secondsIn24h: 60
17:52:07.585 [JavaFX Application Thread] DEBUG Engine               - runtimeInfo: RuntimeInfo(platform=WINDOWS, version=11.6, build=17.11.2019 13.16)
17:52:07.585 [JavaFX Application Thread] DEBUG Engine               - isLinux: false
17:52:07.585 [JavaFX Application Thread] DEBUG Engine               - soundMenuPress: menu/press.wav
17:52:07.585 [JavaFX Application Thread] DEBUG Engine               - urlGithub: https://github.com/AlmasB/FXGL
17:52:07.586 [JavaFX Application Thread] DEBUG Engine               - profileDir: profiles/
17:52:07.586 [JavaFX Application Thread] DEBUG Engine               - isDeveloperMenuEnabled: false
17:52:07.586 [JavaFX Application Thread] DEBUG Engine               - globalSoundVolumeProperty: DoubleProperty [value: 0.5]
17:52:07.586 [JavaFX Application Thread] DEBUG Engine               - isBrowser: false
17:52:07.586 [JavaFX Application Thread] DEBUG Engine               - globalSoundVolume: 0.5
17:52:07.586 [JavaFX Application Thread] DEBUG Engine               - urlLeaderboard: http://fxgl-top.herokuapp.com/
17:52:07.586 [JavaFX Application Thread] DEBUG Engine               - saveDir: saves/
17:52:07.586 [JavaFX Application Thread] DEBUG Engine               - engineServices: [class com.almasb.fxgl.audio.AudioPlayer, class com.almasb.fxgl.notification.impl.NotificationServiceProvider, class com.almasb.fxgl.achievement.AchievementManager, class com.almasb.fxgl.cutscene.CutsceneService, class com.almasb.fxgl.minigames.MiniGameService]
17:52:07.586 [JavaFX Application Thread] DEBUG Engine               - globalMusicVolume: 0.5
17:52:07.586 [JavaFX Application Thread] DEBUG Engine               - width: 600
17:52:07.586 [JavaFX Application Thread] DEBUG Engine               - saveFileExt: .sav
17:52:07.586 [JavaFX Application Thread] DEBUG Engine               - isAndroid: false
17:52:07.586 [JavaFX Application Thread] DEBUG Engine               - fontUI: VarelaRound-Regular.ttf
17:52:07.586 [JavaFX Application Thread] DEBUG Engine               - enabledMenuItems: []
17:52:07.586 [JavaFX Application Thread] DEBUG Engine               - isIOS: false
17:52:07.588 [JavaFX Application Thread] DEBUG Engine               - Adding new engine service: class com.almasb.fxgl.audio.AudioPlayer
17:52:07.589 [JavaFX Application Thread] DEBUG Engine               - Adding new engine service: class com.almasb.fxgl.notification.impl.NotificationServiceProvider
17:52:07.589 [JavaFX Application Thread] DEBUG Engine               - Adding new engine service: class com.almasb.fxgl.achievement.AchievementManager
17:52:07.589 [JavaFX Application Thread] DEBUG Engine               - Adding new engine service: class com.almasb.fxgl.cutscene.CutsceneService
17:52:07.590 [JavaFX Application Thread] DEBUG Engine               - Adding new engine service: class com.almasb.fxgl.minigames.MiniGameService
17:52:07.591 [JavaFX Application Thread] DEBUG Engine               - Loading localizations
17:52:07.593 [JavaFX Application Thread] DEBUG AssetLoader          - Loading from file system: /assets/properties/languages/english.properties
17:52:07.595 [JavaFX Application Thread] DEBUG AssetLoader          - Loading from file system: /assets/properties/languages/french.properties
17:52:07.596 [JavaFX Application Thread] DEBUG AssetLoader          - Loading from file system: /assets/properties/languages/german.properties
17:52:07.597 [JavaFX Application Thread] DEBUG AssetLoader          - Loading from file system: /assets/properties/languages/russian.properties
17:52:07.598 [JavaFX Application Thread] DEBUG AssetLoader          - Loading from file system: /assets/properties/languages/hungarian.properties
17:52:07.599 [JavaFX Application Thread] DEBUG Engine               - Registering font factories
17:52:07.599 [JavaFX Application Thread] DEBUG AssetLoader          - Loading from file system: /assets/ui/fonts/VarelaRound-Regular.ttf
17:52:07.673 [JavaFX Application Thread] DEBUG AssetLoader          - Loading from file system: /assets/ui/fonts/Abel-Regular.ttf
17:52:07.675 [JavaFX Application Thread] DEBUG AssetLoader          - Loading from file system: /assets/ui/fonts/lucida_console.ttf
17:52:07.679 [JavaFX Application Thread] DEBUG AssetLoader          - Loading from file system: /assets/ui/fonts/Courier-Prime.ttf
17:52:07.682 [JavaFX Application Thread] DEBUG Engine               - Setting UI factory
17:52:07.744 [JavaFX Application Thread] DEBUG AssetLoader          - Loading from file system: /assets/textures/fxgl_logo.png
17:52:07.785 [JavaFX Application Thread] DEBUG MainWindow           - Creating a JavaFX scene
17:52:07.814 [JavaFX Application Thread] DEBUG MainWindow           - Target settings size: 600.0 x 600.0
17:52:07.814 [JavaFX Application Thread] DEBUG MainWindow           - Scaled scene size:    600.0 x 600.0
17:52:07.815 [JavaFX Application Thread] DEBUG MainWindow           - Scaled ratio: (1.0, 1.0)
17:52:07.815 [JavaFX Application Thread] DEBUG MainWindow           - Set initial scene to FXGLStartupScene
17:52:07.821 [JavaFX Application Thread] DEBUG AssetLoader          - Loading from file system: /assets/textures/fxgl_icon.png
17:52:07.830 [JavaFX Application Thread] DEBUG Engine               - Applying CSS: fxgl_dark.css
17:52:07.830 [JavaFX Application Thread] DEBUG AssetLoader          - Loading from file system: /assets/ui/css/fxgl_dark.css
17:52:07.832 [JavaFX Application Thread] DEBUG AssetLoader          - Loading from file system: /assets/ui/cursors/fxgl_default.png
17:52:07.833 [JavaFX Application Thread] DEBUG MainWindow           - Opening main window
17:52:07.937 [JavaFX Application Thread] DEBUG MainWindow           - Window border size: (16.0, 39.0)
17:52:07.937 [JavaFX Application Thread] DEBUG MainWindow           - Scaled size: 600.0 x 600.0
17:52:07.937 [JavaFX Application Thread] DEBUG MainWindow           - Scaled ratio: (1.0, 1.0)
17:52:07.937 [JavaFX Application Thread] DEBUG MainWindow           - Scene size: 600.0 x 600.0
17:52:07.937 [JavaFX Application Thread] DEBUG MainWindow           - Stage size: 616.0 x 639.0
17:52:07.943 [FXGL Background Thread 1 ] DEBUG FS                   - Loaded FSServiceImpl
17:52:07.943 [FXGL Background Thread 1 ] DEBUG Engine               - Loading FXGL system data
17:52:07.947 [FXGL Background Thread 1 ] DEBUG FSServiceImpl        - Reading from: C:\Users\Mauricio\Workspace\Personal\rogueworld\system\fxgl.bundle
17:52:07.953 [FXGL Background Thread 1 ] DEBUG Engine               - Bundle FXGL: {}
17:52:07.953 [FXGL Background Thread 1 ] DEBUG Engine               - Initializing application scenes
17:52:07.973 [FXGL Background Thread 1 ] DEBUG GameWorld            - Game world initialized
17:52:08.012 [FXGL Background Thread 1 ] DEBUG PhysicsWorld         - Physics world initialized: appHeight=600, physics.ppm=50,0
17:52:08.014 [FXGL Background Thread 1 ] DEBUG GameScene            - Game scene initialized: 600x600
17:52:08.033 [FXGL Background Thread 1 ] DEBUG Input                - Registered new binding: Resume - Esc
17:52:08.033 [FXGL Background Thread 1 ] DEBUG AssetLoader          - Loading from file system: /assets/textures/pause_menu_bg.png
17:52:08.048 [FXGL Background Thread 1 ] DEBUG Input                - Registered new binding: Pause - Esc
17:52:08.049 [FXGL Background Thread 1 ] DEBUG Engine               - Application scenes initialized
17:52:08.050 [JavaFX Application Thread] DEBUG Engine               - Running preInit()
17:52:08.051 [JavaFX Application Thread] DEBUG Input                - Registered new binding: Move Right - D
17:52:08.051 [JavaFX Application Thread] DEBUG Input                - Registered new binding: Move Left - A
17:52:08.051 [JavaFX Application Thread] DEBUG Input                - Registered new binding: Move Up - W
17:52:08.051 [JavaFX Application Thread] DEBUG Input                - Registered new binding: Move Down - S
17:52:08.052 [JavaFX Application Thread] DEBUG Input                - Registered new binding: Screenshot - P
17:52:08.052 [JavaFX Application Thread] DEBUG Input                - Registered new binding: System info dump - CTRL+9
17:52:08.052 [JavaFX Application Thread] DEBUG Input                - Registered new binding: Restart - CTRL+R
17:52:08.052 [JavaFX Application Thread] DEBUG Engine               - generateDefaultProfile()
17:52:08.053 [JavaFX Application Thread] DEBUG Engine               - Creating default profile
17:52:08.053 [JavaFX Application Thread] DEBUG EventBus             - Firing event: SaveEvent
17:52:08.062 [JavaFX Application Thread] INFO  Engine               - FXGL initialization took: 0,470 sec
17:52:08.062 [JavaFX Application Thread] DEBUG LoopRunner           - Starting loop
17:52:08.070 [JavaFX Application Thread] DEBUG FXGLStartupScene     - STARTUP
17:52:08.070 [JavaFX Application Thread] DEBUG Engine               - Starting new game
17:52:08.075 [JavaFX Application Thread] DEBUG Input                - Clearing active input actions
17:52:08.075 [FXGL Background Thread 1 ] DEBUG InitAppTask          - Clearing previous game
17:52:08.075 [FXGL Background Thread 1 ] DEBUG GameWorld            - Clearing game world
17:52:08.075 [FXGL Background Thread 1 ] DEBUG PhysicsWorld         - Clearing physics world
17:52:08.076 [FXGL Background Thread 1 ] DEBUG GameScene            - Clearing game scene
17:52:08.076 [FXGL Background Thread 1 ] DEBUG InitAppTask          - Initializing Game
17:52:08.079 [FXGL Background Thread 1 ] DEBUG InitAppTask          - Initializing Physics
17:52:08.079 [FXGL Background Thread 1 ] DEBUG InitAppTask          - Initializing UI
17:52:08.088 [JavaFX Application Thread] DEBUG Engine               - Removing overlay from FXGLStartupScene and adding to LoadingScene
17:52:08.088 [JavaFX Application Thread] DEBUG MainWindow           - FXGLStartupScene -> LoadingScene
17:52:08.088 [FXGL Background Thread 1 ] DEBUG InitAppTask          - Initialization Complete
17:52:08.089 [FXGL Background Thread 1 ] INFO  InitAppTask          - Game initialization took: 0,013 sec
17:52:08.119 [JavaFX Application Thread] DEBUG Input                - Clearing active input actions
17:52:08.124 [JavaFX Application Thread] DEBUG Engine               - Removing overlay from LoadingScene and adding to GameScene
17:52:08.125 [JavaFX Application Thread] DEBUG MainWindow           - LoadingScene -> GameScene
17:52:12.960 [JavaFX Application Thread] DEBUG Engine               - Exiting FXGL
17:52:12.960 [JavaFX Application Thread] DEBUG Engine               - Shutting down background threads
17:52:12.960 [JavaFX Application Thread] DEBUG Engine               - Saving FXGL system data
17:52:12.962 [JavaFX Application Thread] DEBUG FSServiceImpl        - Writing to: C:\Users\Mauricio\Workspace\Personal\rogueworld\system\fxgl.bundle
17:52:12.963 [JavaFX Application Thread] DEBUG Engine               - Closing logger and exiting JavaFX
