09:40:01.238 [main                     ] DEBUG GameApplication      - Logger initialized
09:40:01.259 [main                     ] DEBUG GameApplication      - Logging settings
Title: Basic Game App
Version: 0.1
Width: 600
Height: 600
Fullscreen: false
Intro: false
Menus: false
Profiling: false
Single step:false
App Mode: DEVELOPER
Menu Key: ESCAPE
Stage Style: DECORATED
Scene Factory: class com.almasb.fxgl.app.SceneFactory
Dialog Factory: class com.almasb.fxgl.ui.FXGLDialogFactory
UI Factory: class com.almasb.fxgl.ui.FXGLUIFactory

09:40:01.693 [JavaFX Application Thread] DEBUG Engine               - Initializing FXGL
09:40:01.693 [JavaFX Application Thread] INFO  Engine               - FXGL-11.6 (17.11.2019 13.16) on WINDOWS (J:12 FX:12.0.1)
09:40:01.694 [JavaFX Application Thread] INFO  Engine               - Source code and latest versions at: https://github.com/AlmasB/FXGL
09:40:01.694 [JavaFX Application Thread] INFO  Engine               -              Join the FXGL chat at: https://gitter.im/AlmasB/FXGL
09:40:01.695 [JavaFX Application Thread] DEBUG Engine               - Initializing environment variables
09:40:01.698 [JavaFX Application Thread] DEBUG Engine               - Logging environment variables
09:40:01.698 [JavaFX Application Thread] DEBUG Engine               - achievements: []
09:40:01.698 [JavaFX Application Thread] DEBUG Engine               - sceneStack: com.almasb.fxgl.app.Engine@28e70f87
09:40:01.698 [JavaFX Application Thread] DEBUG Engine               - isCloseConfirmation: false
09:40:01.699 [JavaFX Application Thread] DEBUG Engine               - language: ObjectProperty [value: ENGLISH]
09:40:01.699 [JavaFX Application Thread] DEBUG Engine               - isProfilingEnabled: false
09:40:01.699 [JavaFX Application Thread] DEBUG Engine               - soundNotification: core/notification.wav
09:40:01.699 [JavaFX Application Thread] DEBUG Engine               - devShowBBoxProperty: BooleanProperty [value: false]
09:40:01.701 [JavaFX Application Thread] DEBUG Engine               - pixelsPerMeter: 50.0
09:40:01.701 [JavaFX Application Thread] DEBUG Engine               - overlayRoot: Group@3e68977e
09:40:01.701 [JavaFX Application Thread] DEBUG Engine               - appIcon: fxgl_icon.png
09:40:01.702 [JavaFX Application Thread] DEBUG Engine               - soundMenuBack: menu/back.wav
09:40:01.702 [JavaFX Application Thread] DEBUG Engine               - isFullScreenAllowed: false
09:40:01.702 [JavaFX Application Thread] DEBUG Engine               - isIntroEnabled: false
09:40:01.702 [JavaFX Application Thread] DEBUG Engine               - eventBus: com.almasb.fxgl.event.EventBus@7d6f0c37
09:40:01.702 [JavaFX Application Thread] DEBUG Engine               - fontMono: lucida_console.ttf
09:40:01.702 [JavaFX Application Thread] DEBUG Engine               - soundMenuSelect: menu/select.wav
09:40:01.703 [JavaFX Application Thread] DEBUG Engine               - isWindows: true
09:40:01.703 [JavaFX Application Thread] DEBUG Engine               - isMobile: false
09:40:01.703 [JavaFX Application Thread] DEBUG Engine               - height: 600
09:40:01.703 [JavaFX Application Thread] DEBUG Engine               - isExperimentalNative: false
09:40:01.703 [JavaFX Application Thread] DEBUG Engine               - isSingleStep: false
09:40:01.703 [JavaFX Application Thread] DEBUG Engine               - cSSList: [fxgl_dark.css]
09:40:01.704 [JavaFX Application Thread] DEBUG Engine               - fontGame: Abel-Regular.ttf
09:40:01.704 [JavaFX Application Thread] DEBUG Engine               - menuKey: ESCAPE
09:40:01.704 [JavaFX Application Thread] DEBUG Engine               - devShowPositionProperty: BooleanProperty [value: false]
09:40:01.704 [JavaFX Application Thread] DEBUG Engine               - versionCheckDays: 7
09:40:01.704 [JavaFX Application Thread] DEBUG Engine               - masterTimer: com.almasb.fxgl.time.Timer@6de4af2a
09:40:01.704 [JavaFX Application Thread] DEBUG Engine               - configClass: Optional.empty
09:40:01.704 [JavaFX Application Thread] DEBUG Engine               - isFullScreenFromStart: false
09:40:01.704 [JavaFX Application Thread] DEBUG Engine               - version: 0.1
09:40:01.705 [JavaFX Application Thread] DEBUG Engine               - fullScreen: BooleanProperty [value: false]
09:40:01.705 [JavaFX Application Thread] DEBUG Engine               - dialogFactory: com.almasb.fxgl.ui.FXGLDialogFactory@315b78f5
09:40:01.705 [JavaFX Application Thread] DEBUG Engine               - applicationMode: DEVELOPER
09:40:01.705 [JavaFX Application Thread] DEBUG Engine               - isMac: false
09:40:01.705 [JavaFX Application Thread] DEBUG Engine               - urlGoogleForms: https://goo.gl/forms/6wrMnOBxTE1fEpOy2
09:40:01.705 [JavaFX Application Thread] DEBUG Engine               - isMenuEnabled: false
09:40:01.705 [JavaFX Application Thread] DEBUG Engine               - urlPOM: https://raw.githubusercontent.com/AlmasB/FXGL/master/pom.xml
09:40:01.706 [JavaFX Application Thread] DEBUG Engine               - profileName: user.profile
09:40:01.706 [JavaFX Application Thread] DEBUG Engine               - notificationViewClass: class com.almasb.fxgl.notification.view.XboxNotificationView
09:40:01.706 [JavaFX Application Thread] DEBUG Engine               - devSensorColorProperty: ObjectProperty [value: 0xffff00ff]
09:40:01.706 [JavaFX Application Thread] DEBUG Engine               - sceneFactory: com.almasb.fxgl.app.SceneFactory@4b72cac7
09:40:01.706 [JavaFX Application Thread] DEBUG Engine               - dataFileExt: .dat
09:40:01.706 [JavaFX Application Thread] DEBUG Engine               - stageStyle: DECORATED
09:40:01.706 [JavaFX Application Thread] DEBUG Engine               - isManualResizeEnabled: false
09:40:01.707 [JavaFX Application Thread] DEBUG Engine               - title: Basic Game App
09:40:01.707 [JavaFX Application Thread] DEBUG Engine               - platform: WINDOWS
09:40:01.707 [JavaFX Application Thread] DEBUG Engine               - devBBoxColorProperty: ObjectProperty [value: 0xff0000ff]
09:40:01.707 [JavaFX Application Thread] DEBUG Engine               - isDesktop: true
09:40:01.707 [JavaFX Application Thread] DEBUG Engine               - credits: []
09:40:01.707 [JavaFX Application Thread] DEBUG Engine               - globalMusicVolumeProperty: DoubleProperty [value: 0.5]
09:40:01.708 [JavaFX Application Thread] DEBUG Engine               - isPreserveResizeRatio: false
09:40:01.708 [JavaFX Application Thread] DEBUG Engine               - uIFactory: com.almasb.fxgl.ui.FXGLUIFactory@4e79692a
09:40:01.708 [JavaFX Application Thread] DEBUG Engine               - fontText: Courier-Prime.ttf
09:40:01.708 [JavaFX Application Thread] DEBUG Engine               - isExperimentalTiledLargeMap: false
09:40:01.708 [JavaFX Application Thread] DEBUG Engine               - secondsIn24h: 60
09:40:01.708 [JavaFX Application Thread] DEBUG Engine               - runtimeInfo: RuntimeInfo(platform=WINDOWS, version=11.6, build=17.11.2019 13.16)
09:40:01.708 [JavaFX Application Thread] DEBUG Engine               - isLinux: false
09:40:01.708 [JavaFX Application Thread] DEBUG Engine               - soundMenuPress: menu/press.wav
09:40:01.708 [JavaFX Application Thread] DEBUG Engine               - urlGithub: https://github.com/AlmasB/FXGL
09:40:01.709 [JavaFX Application Thread] DEBUG Engine               - profileDir: profiles/
09:40:01.709 [JavaFX Application Thread] DEBUG Engine               - isDeveloperMenuEnabled: false
09:40:01.709 [JavaFX Application Thread] DEBUG Engine               - globalSoundVolumeProperty: DoubleProperty [value: 0.5]
09:40:01.709 [JavaFX Application Thread] DEBUG Engine               - isBrowser: false
09:40:01.709 [JavaFX Application Thread] DEBUG Engine               - globalSoundVolume: 0.5
09:40:01.709 [JavaFX Application Thread] DEBUG Engine               - urlLeaderboard: http://fxgl-top.herokuapp.com/
09:40:01.709 [JavaFX Application Thread] DEBUG Engine               - saveDir: saves/
09:40:01.709 [JavaFX Application Thread] DEBUG Engine               - engineServices: [class com.almasb.fxgl.audio.AudioPlayer, class com.almasb.fxgl.notification.impl.NotificationServiceProvider, class com.almasb.fxgl.achievement.AchievementManager, class com.almasb.fxgl.cutscene.CutsceneService, class com.almasb.fxgl.minigames.MiniGameService]
09:40:01.709 [JavaFX Application Thread] DEBUG Engine               - globalMusicVolume: 0.5
09:40:01.710 [JavaFX Application Thread] DEBUG Engine               - width: 600
09:40:01.710 [JavaFX Application Thread] DEBUG Engine               - saveFileExt: .sav
09:40:01.710 [JavaFX Application Thread] DEBUG Engine               - isAndroid: false
09:40:01.710 [JavaFX Application Thread] DEBUG Engine               - fontUI: VarelaRound-Regular.ttf
09:40:01.710 [JavaFX Application Thread] DEBUG Engine               - enabledMenuItems: []
09:40:01.710 [JavaFX Application Thread] DEBUG Engine               - isIOS: false
09:40:01.713 [JavaFX Application Thread] DEBUG Engine               - Adding new engine service: class com.almasb.fxgl.audio.AudioPlayer
09:40:01.715 [JavaFX Application Thread] DEBUG Engine               - Adding new engine service: class com.almasb.fxgl.notification.impl.NotificationServiceProvider
09:40:01.715 [JavaFX Application Thread] DEBUG Engine               - Adding new engine service: class com.almasb.fxgl.achievement.AchievementManager
09:40:01.717 [JavaFX Application Thread] DEBUG Engine               - Adding new engine service: class com.almasb.fxgl.cutscene.CutsceneService
09:40:01.717 [JavaFX Application Thread] DEBUG Engine               - Adding new engine service: class com.almasb.fxgl.minigames.MiniGameService
09:40:01.720 [JavaFX Application Thread] DEBUG Engine               - Loading localizations
09:40:01.723 [JavaFX Application Thread] DEBUG AssetLoader          - Loading from file system: /assets/properties/languages/english.properties
09:40:01.727 [JavaFX Application Thread] DEBUG AssetLoader          - Loading from file system: /assets/properties/languages/french.properties
09:40:01.729 [JavaFX Application Thread] DEBUG AssetLoader          - Loading from file system: /assets/properties/languages/german.properties
09:40:01.731 [JavaFX Application Thread] DEBUG AssetLoader          - Loading from file system: /assets/properties/languages/russian.properties
09:40:01.733 [JavaFX Application Thread] DEBUG AssetLoader          - Loading from file system: /assets/properties/languages/hungarian.properties
09:40:01.735 [JavaFX Application Thread] DEBUG Engine               - Registering font factories
09:40:01.736 [JavaFX Application Thread] DEBUG AssetLoader          - Loading from file system: /assets/ui/fonts/VarelaRound-Regular.ttf
09:40:01.839 [JavaFX Application Thread] DEBUG AssetLoader          - Loading from file system: /assets/ui/fonts/Abel-Regular.ttf
09:40:01.842 [JavaFX Application Thread] DEBUG AssetLoader          - Loading from file system: /assets/ui/fonts/lucida_console.ttf
09:40:01.847 [JavaFX Application Thread] DEBUG AssetLoader          - Loading from file system: /assets/ui/fonts/Courier-Prime.ttf
09:40:01.850 [JavaFX Application Thread] DEBUG Engine               - Setting UI factory
09:40:01.970 [JavaFX Application Thread] DEBUG AssetLoader          - Loading from file system: /assets/textures/fxgl_logo.png
09:40:02.053 [JavaFX Application Thread] DEBUG MainWindow           - Creating a JavaFX scene
09:40:02.108 [JavaFX Application Thread] DEBUG MainWindow           - Target settings size: 600.0 x 600.0
09:40:02.109 [JavaFX Application Thread] DEBUG MainWindow           - Scaled scene size:    600.0 x 600.0
09:40:02.109 [JavaFX Application Thread] DEBUG MainWindow           - Scaled ratio: (1.0, 1.0)
09:40:02.111 [JavaFX Application Thread] DEBUG MainWindow           - Set initial scene to FXGLStartupScene
09:40:02.120 [JavaFX Application Thread] DEBUG AssetLoader          - Loading from file system: /assets/textures/fxgl_icon.png
09:40:02.140 [JavaFX Application Thread] DEBUG Engine               - Applying CSS: fxgl_dark.css
09:40:02.140 [JavaFX Application Thread] DEBUG AssetLoader          - Loading from file system: /assets/ui/css/fxgl_dark.css
09:40:02.144 [JavaFX Application Thread] DEBUG AssetLoader          - Loading from file system: /assets/ui/cursors/fxgl_default.png
09:40:02.146 [JavaFX Application Thread] DEBUG MainWindow           - Opening main window
09:40:02.312 [JavaFX Application Thread] DEBUG MainWindow           - Window border size: (16.0, 38.0)
09:40:02.312 [JavaFX Application Thread] DEBUG MainWindow           - Scaled size: 600.0 x 600.0
09:40:02.312 [JavaFX Application Thread] DEBUG MainWindow           - Scaled ratio: (1.0, 1.0)
09:40:02.313 [JavaFX Application Thread] DEBUG MainWindow           - Scene size: 600.0 x 600.0
09:40:02.313 [JavaFX Application Thread] DEBUG MainWindow           - Stage size: 616.0 x 638.0
09:40:02.328 [FXGL Background Thread 1 ] DEBUG FS                   - Loaded FSServiceImpl
09:40:02.328 [FXGL Background Thread 1 ] DEBUG Engine               - Loading FXGL system data
09:40:02.340 [FXGL Background Thread 1 ] DEBUG FSServiceImpl        - Reading from: c:\Users\Mauricio\Documents\NetBeansProjects\rogueworld\system\fxgl.bundle
09:40:02.352 [FXGL Background Thread 1 ] DEBUG Engine               - Bundle FXGL: {}
09:40:02.352 [FXGL Background Thread 1 ] DEBUG Engine               - Initializing application scenes
09:40:02.407 [FXGL Background Thread 1 ] DEBUG GameWorld            - Game world initialized
09:40:02.477 [FXGL Background Thread 1 ] DEBUG PhysicsWorld         - Physics world initialized: appHeight=600, physics.ppm=50,0
09:40:02.480 [FXGL Background Thread 1 ] DEBUG GameScene            - Game scene initialized: 600x600
09:40:02.518 [FXGL Background Thread 1 ] DEBUG Input                - Registered new binding: Resume - Esc
09:40:02.518 [FXGL Background Thread 1 ] DEBUG AssetLoader          - Loading from file system: /assets/textures/pause_menu_bg.png
09:40:02.551 [FXGL Background Thread 1 ] DEBUG Input                - Registered new binding: Pause - Esc
09:40:02.552 [FXGL Background Thread 1 ] DEBUG Engine               - Application scenes initialized
09:40:02.556 [JavaFX Application Thread] DEBUG Engine               - Running preInit()
09:40:02.557 [JavaFX Application Thread] DEBUG Input                - Registered new binding: Move Right - D
09:40:02.557 [JavaFX Application Thread] DEBUG Input                - Registered new binding: Move Left - A
09:40:02.557 [JavaFX Application Thread] DEBUG Input                - Registered new binding: Move Up - W
09:40:02.557 [JavaFX Application Thread] DEBUG Input                - Registered new binding: Move Down - S
09:40:02.558 [JavaFX Application Thread] DEBUG Input                - Registered new binding: Screenshot - P
09:40:02.559 [JavaFX Application Thread] DEBUG Input                - Registered new binding: System info dump - CTRL+9
09:40:02.559 [JavaFX Application Thread] DEBUG Input                - Registered new binding: Restart - CTRL+R
09:40:02.559 [JavaFX Application Thread] DEBUG Engine               - generateDefaultProfile()
09:40:02.559 [JavaFX Application Thread] DEBUG Engine               - Creating default profile
09:40:02.559 [JavaFX Application Thread] DEBUG EventBus             - Firing event: SaveEvent
09:40:02.574 [JavaFX Application Thread] INFO  Engine               - FXGL initialization took: 0,856 sec
09:40:02.574 [JavaFX Application Thread] DEBUG LoopRunner           - Starting loop
09:40:02.584 [JavaFX Application Thread] DEBUG FXGLStartupScene     - STARTUP
09:40:02.584 [JavaFX Application Thread] DEBUG Engine               - Starting new game
09:40:02.594 [JavaFX Application Thread] DEBUG Input                - Clearing active input actions
09:40:02.594 [FXGL Background Thread 1 ] DEBUG InitAppTask          - Clearing previous game
09:40:02.594 [FXGL Background Thread 1 ] DEBUG GameWorld            - Clearing game world
09:40:02.594 [FXGL Background Thread 1 ] DEBUG PhysicsWorld         - Clearing physics world
09:40:02.595 [FXGL Background Thread 1 ] DEBUG GameScene            - Clearing game scene
09:40:02.595 [FXGL Background Thread 1 ] DEBUG InitAppTask          - Initializing Game
09:40:02.608 [JavaFX Application Thread] DEBUG Engine               - Removing overlay from FXGLStartupScene and adding to LoadingScene
09:40:02.608 [JavaFX Application Thread] DEBUG MainWindow           - FXGLStartupScene -> LoadingScene
09:40:02.621 [FXGL Background Thread 1 ] DEBUG InitAppTask          - Initializing Physics
09:40:02.622 [FXGL Background Thread 1 ] DEBUG InitAppTask          - Initializing UI
09:40:02.626 [FXGL Background Thread 1 ] DEBUG InitAppTask          - Initialization Complete
09:40:02.626 [FXGL Background Thread 1 ] INFO  InitAppTask          - Game initialization took: 0,032 sec
09:40:02.684 [JavaFX Application Thread] DEBUG Input                - Clearing active input actions
09:40:02.694 [JavaFX Application Thread] DEBUG Engine               - Removing overlay from LoadingScene and adding to GameScene
09:40:02.695 [JavaFX Application Thread] DEBUG MainWindow           - LoadingScene -> GameScene
09:40:13.977 [JavaFX Application Thread] DEBUG Engine               - Exiting FXGL
09:40:13.978 [JavaFX Application Thread] DEBUG Engine               - Shutting down background threads
09:40:13.979 [JavaFX Application Thread] DEBUG Engine               - Saving FXGL system data
09:40:13.986 [JavaFX Application Thread] DEBUG FSServiceImpl        - Writing to: c:\Users\Mauricio\Documents\NetBeansProjects\rogueworld\system\fxgl.bundle
09:40:13.994 [JavaFX Application Thread] DEBUG Engine               - Closing logger and exiting JavaFX
