15:11:08.994 [main                     ] DEBUG GameApplication      - Logger initialized
15:11:09.015 [main                     ] DEBUG GameApplication      - Logging settings
Title: Basic Game App
Version: 0.1
Width: 600
Height: 600
Fullscreen: false
Intro: false
Menus: false
Profiling: false
Single step:false
App Mode: DEVELOPER
Menu Key: ESCAPE
Stage Style: DECORATED
Scene Factory: class com.almasb.fxgl.app.SceneFactory
Dialog Factory: class com.almasb.fxgl.ui.FXGLDialogFactory
UI Factory: class com.almasb.fxgl.ui.FXGLUIFactory

15:11:09.415 [JavaFX Application Thread] DEBUG Engine               - Initializing FXGL
15:11:09.416 [JavaFX Application Thread] INFO  Engine               - FXGL-11.6 (17.11.2019 13.16) on WINDOWS (J:12 FX:12.0.1)
15:11:09.416 [JavaFX Application Thread] INFO  Engine               - Source code and latest versions at: https://github.com/AlmasB/FXGL
15:11:09.417 [JavaFX Application Thread] INFO  Engine               -              Join the FXGL chat at: https://gitter.im/AlmasB/FXGL
15:11:09.417 [JavaFX Application Thread] DEBUG Engine               - Initializing environment variables
15:11:09.420 [JavaFX Application Thread] DEBUG Engine               - Logging environment variables
15:11:09.420 [JavaFX Application Thread] DEBUG Engine               - achievements: []
15:11:09.420 [JavaFX Application Thread] DEBUG Engine               - sceneStack: com.almasb.fxgl.app.Engine@3917b68
15:11:09.420 [JavaFX Application Thread] DEBUG Engine               - isCloseConfirmation: false
15:11:09.421 [JavaFX Application Thread] DEBUG Engine               - language: ObjectProperty [value: ENGLISH]
15:11:09.421 [JavaFX Application Thread] DEBUG Engine               - isProfilingEnabled: false
15:11:09.421 [JavaFX Application Thread] DEBUG Engine               - soundNotification: core/notification.wav
15:11:09.421 [JavaFX Application Thread] DEBUG Engine               - devShowBBoxProperty: BooleanProperty [value: false]
15:11:09.423 [JavaFX Application Thread] DEBUG Engine               - pixelsPerMeter: 50.0
15:11:09.423 [JavaFX Application Thread] DEBUG Engine               - overlayRoot: Group@8a13345
15:11:09.423 [JavaFX Application Thread] DEBUG Engine               - appIcon: fxgl_icon.png
15:11:09.424 [JavaFX Application Thread] DEBUG Engine               - soundMenuBack: menu/back.wav
15:11:09.424 [JavaFX Application Thread] DEBUG Engine               - isFullScreenAllowed: false
15:11:09.424 [JavaFX Application Thread] DEBUG Engine               - isIntroEnabled: false
15:11:09.424 [JavaFX Application Thread] DEBUG Engine               - eventBus: com.almasb.fxgl.event.EventBus@2e44efbb
15:11:09.424 [JavaFX Application Thread] DEBUG Engine               - fontMono: lucida_console.ttf
15:11:09.424 [JavaFX Application Thread] DEBUG Engine               - soundMenuSelect: menu/select.wav
15:11:09.424 [JavaFX Application Thread] DEBUG Engine               - isWindows: true
15:11:09.425 [JavaFX Application Thread] DEBUG Engine               - isMobile: false
15:11:09.425 [JavaFX Application Thread] DEBUG Engine               - height: 600
15:11:09.425 [JavaFX Application Thread] DEBUG Engine               - isExperimentalNative: false
15:11:09.425 [JavaFX Application Thread] DEBUG Engine               - isSingleStep: false
15:11:09.425 [JavaFX Application Thread] DEBUG Engine               - cSSList: [fxgl_dark.css]
15:11:09.425 [JavaFX Application Thread] DEBUG Engine               - fontGame: Abel-Regular.ttf
15:11:09.425 [JavaFX Application Thread] DEBUG Engine               - menuKey: ESCAPE
15:11:09.426 [JavaFX Application Thread] DEBUG Engine               - devShowPositionProperty: BooleanProperty [value: false]
15:11:09.426 [JavaFX Application Thread] DEBUG Engine               - versionCheckDays: 7
15:11:09.426 [JavaFX Application Thread] DEBUG Engine               - masterTimer: com.almasb.fxgl.time.Timer@26869b20
15:11:09.426 [JavaFX Application Thread] DEBUG Engine               - configClass: Optional.empty
15:11:09.426 [JavaFX Application Thread] DEBUG Engine               - isFullScreenFromStart: false
15:11:09.426 [JavaFX Application Thread] DEBUG Engine               - version: 0.1
15:11:09.426 [JavaFX Application Thread] DEBUG Engine               - fullScreen: BooleanProperty [value: false]
15:11:09.426 [JavaFX Application Thread] DEBUG Engine               - dialogFactory: com.almasb.fxgl.ui.FXGLDialogFactory@8038d
15:11:09.427 [JavaFX Application Thread] DEBUG Engine               - applicationMode: DEVELOPER
15:11:09.427 [JavaFX Application Thread] DEBUG Engine               - isMac: false
15:11:09.427 [JavaFX Application Thread] DEBUG Engine               - urlGoogleForms: https://goo.gl/forms/6wrMnOBxTE1fEpOy2
15:11:09.427 [JavaFX Application Thread] DEBUG Engine               - isMenuEnabled: false
15:11:09.427 [JavaFX Application Thread] DEBUG Engine               - urlPOM: https://raw.githubusercontent.com/AlmasB/FXGL/master/pom.xml
15:11:09.427 [JavaFX Application Thread] DEBUG Engine               - profileName: user.profile
15:11:09.427 [JavaFX Application Thread] DEBUG Engine               - notificationViewClass: class com.almasb.fxgl.notification.view.XboxNotificationView
15:11:09.428 [JavaFX Application Thread] DEBUG Engine               - devSensorColorProperty: ObjectProperty [value: 0xffff00ff]
15:11:09.428 [JavaFX Application Thread] DEBUG Engine               - sceneFactory: com.almasb.fxgl.app.SceneFactory@1b223d2
15:11:09.428 [JavaFX Application Thread] DEBUG Engine               - dataFileExt: .dat
15:11:09.428 [JavaFX Application Thread] DEBUG Engine               - stageStyle: DECORATED
15:11:09.428 [JavaFX Application Thread] DEBUG Engine               - isManualResizeEnabled: false
15:11:09.428 [JavaFX Application Thread] DEBUG Engine               - title: Basic Game App
15:11:09.428 [JavaFX Application Thread] DEBUG Engine               - platform: WINDOWS
15:11:09.428 [JavaFX Application Thread] DEBUG Engine               - devBBoxColorProperty: ObjectProperty [value: 0xff0000ff]
15:11:09.429 [JavaFX Application Thread] DEBUG Engine               - isDesktop: true
15:11:09.429 [JavaFX Application Thread] DEBUG Engine               - globalMusicVolumeProperty: DoubleProperty [value: 0.5]
15:11:09.429 [JavaFX Application Thread] DEBUG Engine               - credits: []
15:11:09.429 [JavaFX Application Thread] DEBUG Engine               - isPreserveResizeRatio: false
15:11:09.429 [JavaFX Application Thread] DEBUG Engine               - uIFactory: com.almasb.fxgl.ui.FXGLUIFactory@8823d68
15:11:09.429 [JavaFX Application Thread] DEBUG Engine               - fontText: Courier-Prime.ttf
15:11:09.429 [JavaFX Application Thread] DEBUG Engine               - isExperimentalTiledLargeMap: false
15:11:09.429 [JavaFX Application Thread] DEBUG Engine               - secondsIn24h: 60
15:11:09.430 [JavaFX Application Thread] DEBUG Engine               - runtimeInfo: RuntimeInfo(platform=WINDOWS, version=11.6, build=17.11.2019 13.16)
15:11:09.430 [JavaFX Application Thread] DEBUG Engine               - isLinux: false
15:11:09.430 [JavaFX Application Thread] DEBUG Engine               - soundMenuPress: menu/press.wav
15:11:09.430 [JavaFX Application Thread] DEBUG Engine               - urlGithub: https://github.com/AlmasB/FXGL
15:11:09.430 [JavaFX Application Thread] DEBUG Engine               - profileDir: profiles/
15:11:09.430 [JavaFX Application Thread] DEBUG Engine               - globalSoundVolumeProperty: DoubleProperty [value: 0.5]
15:11:09.430 [JavaFX Application Thread] DEBUG Engine               - isDeveloperMenuEnabled: false
15:11:09.430 [JavaFX Application Thread] DEBUG Engine               - isBrowser: false
15:11:09.430 [JavaFX Application Thread] DEBUG Engine               - urlLeaderboard: http://fxgl-top.herokuapp.com/
15:11:09.431 [JavaFX Application Thread] DEBUG Engine               - globalSoundVolume: 0.5
15:11:09.431 [JavaFX Application Thread] DEBUG Engine               - saveDir: saves/
15:11:09.431 [JavaFX Application Thread] DEBUG Engine               - engineServices: [class com.almasb.fxgl.audio.AudioPlayer, class com.almasb.fxgl.notification.impl.NotificationServiceProvider, class com.almasb.fxgl.achievement.AchievementManager, class com.almasb.fxgl.cutscene.CutsceneService, class com.almasb.fxgl.minigames.MiniGameService]
15:11:09.431 [JavaFX Application Thread] DEBUG Engine               - globalMusicVolume: 0.5
15:11:09.431 [JavaFX Application Thread] DEBUG Engine               - width: 600
15:11:09.431 [JavaFX Application Thread] DEBUG Engine               - saveFileExt: .sav
15:11:09.431 [JavaFX Application Thread] DEBUG Engine               - isAndroid: false
15:11:09.431 [JavaFX Application Thread] DEBUG Engine               - fontUI: VarelaRound-Regular.ttf
15:11:09.432 [JavaFX Application Thread] DEBUG Engine               - enabledMenuItems: []
15:11:09.432 [JavaFX Application Thread] DEBUG Engine               - isIOS: false
15:11:09.435 [JavaFX Application Thread] DEBUG Engine               - Adding new engine service: class com.almasb.fxgl.audio.AudioPlayer
15:11:09.436 [JavaFX Application Thread] DEBUG Engine               - Adding new engine service: class com.almasb.fxgl.notification.impl.NotificationServiceProvider
15:11:09.436 [JavaFX Application Thread] DEBUG Engine               - Adding new engine service: class com.almasb.fxgl.achievement.AchievementManager
15:11:09.438 [JavaFX Application Thread] DEBUG Engine               - Adding new engine service: class com.almasb.fxgl.cutscene.CutsceneService
15:11:09.438 [JavaFX Application Thread] DEBUG Engine               - Adding new engine service: class com.almasb.fxgl.minigames.MiniGameService
15:11:09.441 [JavaFX Application Thread] DEBUG Engine               - Loading localizations
15:11:09.445 [JavaFX Application Thread] DEBUG AssetLoader          - Loading from file system: /assets/properties/languages/english.properties
15:11:09.448 [JavaFX Application Thread] DEBUG AssetLoader          - Loading from file system: /assets/properties/languages/french.properties
15:11:09.451 [JavaFX Application Thread] DEBUG AssetLoader          - Loading from file system: /assets/properties/languages/german.properties
15:11:09.452 [JavaFX Application Thread] DEBUG AssetLoader          - Loading from file system: /assets/properties/languages/russian.properties
15:11:09.454 [JavaFX Application Thread] DEBUG AssetLoader          - Loading from file system: /assets/properties/languages/hungarian.properties
15:11:09.457 [JavaFX Application Thread] DEBUG Engine               - Registering font factories
15:11:09.457 [JavaFX Application Thread] DEBUG AssetLoader          - Loading from file system: /assets/ui/fonts/VarelaRound-Regular.ttf
15:11:09.573 [JavaFX Application Thread] DEBUG AssetLoader          - Loading from file system: /assets/ui/fonts/Abel-Regular.ttf
15:11:09.581 [JavaFX Application Thread] DEBUG AssetLoader          - Loading from file system: /assets/ui/fonts/lucida_console.ttf
15:11:09.587 [JavaFX Application Thread] DEBUG AssetLoader          - Loading from file system: /assets/ui/fonts/Courier-Prime.ttf
15:11:09.602 [JavaFX Application Thread] DEBUG Engine               - Setting UI factory
15:11:09.739 [JavaFX Application Thread] DEBUG AssetLoader          - Loading from file system: /assets/textures/fxgl_logo.png
15:11:09.822 [JavaFX Application Thread] DEBUG MainWindow           - Creating a JavaFX scene
15:11:09.876 [JavaFX Application Thread] DEBUG MainWindow           - Target settings size: 600.0 x 600.0
15:11:09.877 [JavaFX Application Thread] DEBUG MainWindow           - Scaled scene size:    600.0 x 600.0
15:11:09.877 [JavaFX Application Thread] DEBUG MainWindow           - Scaled ratio: (1.0, 1.0)
15:11:09.879 [JavaFX Application Thread] DEBUG MainWindow           - Set initial scene to FXGLStartupScene
15:11:09.888 [JavaFX Application Thread] DEBUG AssetLoader          - Loading from file system: /assets/textures/fxgl_icon.png
15:11:09.909 [JavaFX Application Thread] DEBUG Engine               - Applying CSS: fxgl_dark.css
15:11:09.910 [JavaFX Application Thread] DEBUG AssetLoader          - Loading from file system: /assets/ui/css/fxgl_dark.css
15:11:09.915 [JavaFX Application Thread] DEBUG AssetLoader          - Loading from file system: /assets/ui/cursors/fxgl_default.png
15:11:09.917 [JavaFX Application Thread] DEBUG MainWindow           - Opening main window
15:11:10.124 [JavaFX Application Thread] DEBUG MainWindow           - Window border size: (16.0, 38.0)
15:11:10.125 [JavaFX Application Thread] DEBUG MainWindow           - Scaled size: 600.0 x 600.0
15:11:10.125 [JavaFX Application Thread] DEBUG MainWindow           - Scaled ratio: (1.0, 1.0)
15:11:10.125 [JavaFX Application Thread] DEBUG MainWindow           - Scene size: 600.0 x 600.0
15:11:10.125 [JavaFX Application Thread] DEBUG MainWindow           - Stage size: 616.0 x 638.0
15:11:10.150 [FXGL Background Thread 1 ] DEBUG FS                   - Loaded FSServiceImpl
15:11:10.150 [FXGL Background Thread 1 ] DEBUG Engine               - Loading FXGL system data
15:11:10.155 [FXGL Background Thread 1 ] DEBUG FSServiceImpl        - Reading from: c:\Users\Mauricio\Documents\NetBeansProjects\rogueworld\system\fxgl.bundle
15:11:10.166 [FXGL Background Thread 1 ] DEBUG Engine               - Bundle FXGL: {}
15:11:10.166 [FXGL Background Thread 1 ] DEBUG Engine               - Initializing application scenes
15:11:10.271 [FXGL Background Thread 1 ] DEBUG GameWorld            - Game world initialized
15:11:10.324 [FXGL Background Thread 1 ] DEBUG PhysicsWorld         - Physics world initialized: appHeight=600, physics.ppm=50,0
15:11:10.327 [FXGL Background Thread 1 ] DEBUG GameScene            - Game scene initialized: 600x600
15:11:10.369 [FXGL Background Thread 1 ] DEBUG Input                - Registered new binding: Resume - Esc
15:11:10.370 [FXGL Background Thread 1 ] DEBUG AssetLoader          - Loading from file system: /assets/textures/pause_menu_bg.png
15:11:10.402 [FXGL Background Thread 1 ] DEBUG Input                - Registered new binding: Pause - Esc
15:11:10.406 [FXGL Background Thread 1 ] DEBUG Engine               - Application scenes initialized
15:11:10.411 [JavaFX Application Thread] DEBUG Engine               - Running preInit()
15:11:10.412 [JavaFX Application Thread] DEBUG Input                - Registered new binding: Move Right - D
15:11:10.412 [JavaFX Application Thread] DEBUG Input                - Registered new binding: Move Left - A
15:11:10.412 [JavaFX Application Thread] DEBUG Input                - Registered new binding: Move Up - W
15:11:10.412 [JavaFX Application Thread] DEBUG Input                - Registered new binding: Move Down - S
15:11:10.413 [JavaFX Application Thread] DEBUG Input                - Registered new binding: Screenshot - P
15:11:10.414 [JavaFX Application Thread] DEBUG Input                - Registered new binding: System info dump - CTRL+9
15:11:10.414 [JavaFX Application Thread] DEBUG Input                - Registered new binding: Restart - CTRL+R
15:11:10.414 [JavaFX Application Thread] DEBUG Engine               - generateDefaultProfile()
15:11:10.414 [JavaFX Application Thread] DEBUG Engine               - Creating default profile
15:11:10.415 [JavaFX Application Thread] DEBUG EventBus             - Firing event: SaveEvent
15:11:10.431 [JavaFX Application Thread] INFO  Engine               - FXGL initialization took: 0,990 sec
15:11:10.432 [JavaFX Application Thread] DEBUG LoopRunner           - Starting loop
15:11:10.452 [JavaFX Application Thread] DEBUG FXGLStartupScene     - STARTUP
15:11:10.452 [JavaFX Application Thread] DEBUG Engine               - Starting new game
15:11:10.461 [JavaFX Application Thread] DEBUG Input                - Clearing active input actions
15:11:10.462 [FXGL Background Thread 1 ] DEBUG InitAppTask          - Clearing previous game
15:11:10.462 [FXGL Background Thread 1 ] DEBUG GameWorld            - Clearing game world
15:11:10.462 [FXGL Background Thread 1 ] DEBUG PhysicsWorld         - Clearing physics world
15:11:10.463 [FXGL Background Thread 1 ] DEBUG GameScene            - Clearing game scene
15:11:10.463 [FXGL Background Thread 1 ] DEBUG InitAppTask          - Initializing Game
15:11:10.478 [FXGL Background Thread 1 ] DEBUG InitAppTask          - Initializing Physics
15:11:10.478 [FXGL Background Thread 1 ] DEBUG InitAppTask          - Initializing UI
15:11:10.478 [JavaFX Application Thread] DEBUG Engine               - Removing overlay from FXGLStartupScene and adding to LoadingScene
15:11:10.478 [JavaFX Application Thread] DEBUG MainWindow           - FXGLStartupScene -> LoadingScene
15:11:10.493 [FXGL Background Thread 1 ] DEBUG InitAppTask          - Initialization Complete
15:11:10.494 [FXGL Background Thread 1 ] INFO  InitAppTask          - Game initialization took: 0,032 sec
15:11:10.546 [JavaFX Application Thread] DEBUG Input                - Clearing active input actions
15:11:10.556 [JavaFX Application Thread] DEBUG Engine               - Removing overlay from LoadingScene and adding to GameScene
15:11:10.556 [JavaFX Application Thread] DEBUG MainWindow           - LoadingScene -> GameScene
15:11:16.206 [JavaFX Application Thread] DEBUG MainWindow           - Push state: FXGLPauseMenu
15:11:16.208 [JavaFX Application Thread] DEBUG Input                - Clearing active input actions
15:11:16.239 [JavaFX Application Thread] DEBUG Engine               - Removing overlay from GameScene and adding to FXGLPauseMenu
15:11:16.239 [JavaFX Application Thread] DEBUG MainWindow           - GameScene -> FXGLPauseMenu
15:11:17.597 [JavaFX Application Thread] DEBUG MainWindow           - Pop state: FXGLPauseMenu
15:11:17.597 [JavaFX Application Thread] DEBUG Input                - Clearing active input actions
15:11:17.599 [JavaFX Application Thread] DEBUG Engine               - Removing overlay from FXGLPauseMenu and adding to GameScene
15:11:17.601 [JavaFX Application Thread] DEBUG MainWindow           - GameScene <- FXGLPauseMenu
15:11:18.441 [JavaFX Application Thread] DEBUG Engine               - Exiting FXGL
15:11:18.441 [JavaFX Application Thread] DEBUG Engine               - Shutting down background threads
15:11:18.442 [JavaFX Application Thread] DEBUG Engine               - Saving FXGL system data
15:11:18.450 [JavaFX Application Thread] DEBUG FSServiceImpl        - Writing to: c:\Users\Mauricio\Documents\NetBeansProjects\rogueworld\system\fxgl.bundle
15:11:18.457 [JavaFX Application Thread] DEBUG Engine               - Closing logger and exiting JavaFX
