17:49:01.550 [main                     ] DEBUG GameApplication      - Logger initialized
17:49:01.571 [main                     ] DEBUG GameApplication      - Logging settings
Title: Basic Game App
Version: 0.1
Width: 600
Height: 600
Fullscreen: false
Intro: false
Menus: false
Profiling: false
Single step:false
App Mode: DEVELOPER
Menu Key: ESCAPE
Stage Style: DECORATED
Scene Factory: class com.almasb.fxgl.app.SceneFactory
Dialog Factory: class com.almasb.fxgl.ui.FXGLDialogFactory
UI Factory: class com.almasb.fxgl.ui.FXGLUIFactory

17:49:01.981 [JavaFX Application Thread] DEBUG Engine               - Initializing FXGL
17:49:01.981 [JavaFX Application Thread] INFO  Engine               - FXGL-11.6 (17.11.2019 13.16) on WINDOWS (J:12 FX:12.0.1)
17:49:01.982 [JavaFX Application Thread] INFO  Engine               - Source code and latest versions at: https://github.com/AlmasB/FXGL
17:49:01.982 [JavaFX Application Thread] INFO  Engine               -              Join the FXGL chat at: https://gitter.im/AlmasB/FXGL
17:49:01.982 [JavaFX Application Thread] DEBUG Engine               - Initializing environment variables
17:49:01.985 [JavaFX Application Thread] DEBUG Engine               - Logging environment variables
17:49:01.986 [JavaFX Application Thread] DEBUG Engine               - achievements: []
17:49:01.986 [JavaFX Application Thread] DEBUG Engine               - sceneStack: com.almasb.fxgl.app.Engine@709bf24d
17:49:01.986 [JavaFX Application Thread] DEBUG Engine               - isCloseConfirmation: false
17:49:01.986 [JavaFX Application Thread] DEBUG Engine               - language: ObjectProperty [value: ENGLISH]
17:49:01.986 [JavaFX Application Thread] DEBUG Engine               - isProfilingEnabled: false
17:49:01.987 [JavaFX Application Thread] DEBUG Engine               - soundNotification: core/notification.wav
17:49:01.987 [JavaFX Application Thread] DEBUG Engine               - devShowBBoxProperty: BooleanProperty [value: false]
17:49:01.988 [JavaFX Application Thread] DEBUG Engine               - pixelsPerMeter: 50.0
17:49:01.989 [JavaFX Application Thread] DEBUG Engine               - overlayRoot: Group@6fafe413
17:49:01.989 [JavaFX Application Thread] DEBUG Engine               - appIcon: fxgl_icon.png
17:49:01.989 [JavaFX Application Thread] DEBUG Engine               - soundMenuBack: menu/back.wav
17:49:01.989 [JavaFX Application Thread] DEBUG Engine               - isFullScreenAllowed: false
17:49:01.989 [JavaFX Application Thread] DEBUG Engine               - isIntroEnabled: false
17:49:01.990 [JavaFX Application Thread] DEBUG Engine               - eventBus: com.almasb.fxgl.event.EventBus@1531bd84
17:49:01.990 [JavaFX Application Thread] DEBUG Engine               - fontMono: lucida_console.ttf
17:49:01.990 [JavaFX Application Thread] DEBUG Engine               - soundMenuSelect: menu/select.wav
17:49:01.990 [JavaFX Application Thread] DEBUG Engine               - isWindows: true
17:49:01.990 [JavaFX Application Thread] DEBUG Engine               - isMobile: false
17:49:01.990 [JavaFX Application Thread] DEBUG Engine               - height: 600
17:49:01.990 [JavaFX Application Thread] DEBUG Engine               - isExperimentalNative: false
17:49:01.991 [JavaFX Application Thread] DEBUG Engine               - cSSList: [fxgl_dark.css]
17:49:01.991 [JavaFX Application Thread] DEBUG Engine               - isSingleStep: false
17:49:01.991 [JavaFX Application Thread] DEBUG Engine               - fontGame: Abel-Regular.ttf
17:49:01.991 [JavaFX Application Thread] DEBUG Engine               - menuKey: ESCAPE
17:49:01.991 [JavaFX Application Thread] DEBUG Engine               - devShowPositionProperty: BooleanProperty [value: false]
17:49:01.991 [JavaFX Application Thread] DEBUG Engine               - versionCheckDays: 7
17:49:01.991 [JavaFX Application Thread] DEBUG Engine               - masterTimer: com.almasb.fxgl.time.Timer@3a973cf5
17:49:01.992 [JavaFX Application Thread] DEBUG Engine               - configClass: Optional.empty
17:49:01.992 [JavaFX Application Thread] DEBUG Engine               - isFullScreenFromStart: false
17:49:01.992 [JavaFX Application Thread] DEBUG Engine               - version: 0.1
17:49:01.992 [JavaFX Application Thread] DEBUG Engine               - fullScreen: BooleanProperty [value: false]
17:49:01.992 [JavaFX Application Thread] DEBUG Engine               - dialogFactory: com.almasb.fxgl.ui.FXGLDialogFactory@6c6b7bb2
17:49:01.992 [JavaFX Application Thread] DEBUG Engine               - applicationMode: DEVELOPER
17:49:01.992 [JavaFX Application Thread] DEBUG Engine               - isMac: false
17:49:01.993 [JavaFX Application Thread] DEBUG Engine               - urlGoogleForms: https://goo.gl/forms/6wrMnOBxTE1fEpOy2
17:49:01.993 [JavaFX Application Thread] DEBUG Engine               - isMenuEnabled: false
17:49:01.993 [JavaFX Application Thread] DEBUG Engine               - urlPOM: https://raw.githubusercontent.com/AlmasB/FXGL/master/pom.xml
17:49:01.993 [JavaFX Application Thread] DEBUG Engine               - profileName: user.profile
17:49:01.993 [JavaFX Application Thread] DEBUG Engine               - notificationViewClass: class com.almasb.fxgl.notification.view.XboxNotificationView
17:49:01.993 [JavaFX Application Thread] DEBUG Engine               - devSensorColorProperty: ObjectProperty [value: 0xffff00ff]
17:49:01.993 [JavaFX Application Thread] DEBUG Engine               - sceneFactory: com.almasb.fxgl.app.SceneFactory@7cf49550
17:49:01.994 [JavaFX Application Thread] DEBUG Engine               - dataFileExt: .dat
17:49:01.994 [JavaFX Application Thread] DEBUG Engine               - stageStyle: DECORATED
17:49:01.994 [JavaFX Application Thread] DEBUG Engine               - isManualResizeEnabled: false
17:49:01.994 [JavaFX Application Thread] DEBUG Engine               - title: Basic Game App
17:49:01.994 [JavaFX Application Thread] DEBUG Engine               - platform: WINDOWS
17:49:01.994 [JavaFX Application Thread] DEBUG Engine               - devBBoxColorProperty: ObjectProperty [value: 0xff0000ff]
17:49:01.994 [JavaFX Application Thread] DEBUG Engine               - isDesktop: true
17:49:01.994 [JavaFX Application Thread] DEBUG Engine               - globalMusicVolumeProperty: DoubleProperty [value: 0.5]
17:49:01.995 [JavaFX Application Thread] DEBUG Engine               - credits: []
17:49:01.995 [JavaFX Application Thread] DEBUG Engine               - isPreserveResizeRatio: false
17:49:01.995 [JavaFX Application Thread] DEBUG Engine               - uIFactory: com.almasb.fxgl.ui.FXGLUIFactory@6431cad7
17:49:01.995 [JavaFX Application Thread] DEBUG Engine               - fontText: Courier-Prime.ttf
17:49:01.995 [JavaFX Application Thread] DEBUG Engine               - isExperimentalTiledLargeMap: false
17:49:01.995 [JavaFX Application Thread] DEBUG Engine               - secondsIn24h: 60
17:49:01.995 [JavaFX Application Thread] DEBUG Engine               - runtimeInfo: RuntimeInfo(platform=WINDOWS, version=11.6, build=17.11.2019 13.16)
17:49:01.995 [JavaFX Application Thread] DEBUG Engine               - isLinux: false
17:49:01.996 [JavaFX Application Thread] DEBUG Engine               - soundMenuPress: menu/press.wav
17:49:01.996 [JavaFX Application Thread] DEBUG Engine               - urlGithub: https://github.com/AlmasB/FXGL
17:49:01.996 [JavaFX Application Thread] DEBUG Engine               - profileDir: profiles/
17:49:01.996 [JavaFX Application Thread] DEBUG Engine               - globalSoundVolumeProperty: DoubleProperty [value: 0.5]
17:49:01.996 [JavaFX Application Thread] DEBUG Engine               - isDeveloperMenuEnabled: false
17:49:01.996 [JavaFX Application Thread] DEBUG Engine               - isBrowser: false
17:49:01.996 [JavaFX Application Thread] DEBUG Engine               - globalSoundVolume: 0.5
17:49:01.996 [JavaFX Application Thread] DEBUG Engine               - urlLeaderboard: http://fxgl-top.herokuapp.com/
17:49:01.997 [JavaFX Application Thread] DEBUG Engine               - saveDir: saves/
17:49:01.997 [JavaFX Application Thread] DEBUG Engine               - engineServices: [class com.almasb.fxgl.audio.AudioPlayer, class com.almasb.fxgl.notification.impl.NotificationServiceProvider, class com.almasb.fxgl.achievement.AchievementManager, class com.almasb.fxgl.cutscene.CutsceneService, class com.almasb.fxgl.minigames.MiniGameService]
17:49:01.997 [JavaFX Application Thread] DEBUG Engine               - globalMusicVolume: 0.5
17:49:01.997 [JavaFX Application Thread] DEBUG Engine               - width: 600
17:49:01.997 [JavaFX Application Thread] DEBUG Engine               - saveFileExt: .sav
17:49:01.997 [JavaFX Application Thread] DEBUG Engine               - isAndroid: false
17:49:01.997 [JavaFX Application Thread] DEBUG Engine               - fontUI: VarelaRound-Regular.ttf
17:49:01.997 [JavaFX Application Thread] DEBUG Engine               - enabledMenuItems: []
17:49:01.998 [JavaFX Application Thread] DEBUG Engine               - isIOS: false
17:49:02.000 [JavaFX Application Thread] DEBUG Engine               - Adding new engine service: class com.almasb.fxgl.audio.AudioPlayer
17:49:02.002 [JavaFX Application Thread] DEBUG Engine               - Adding new engine service: class com.almasb.fxgl.notification.impl.NotificationServiceProvider
17:49:02.002 [JavaFX Application Thread] DEBUG Engine               - Adding new engine service: class com.almasb.fxgl.achievement.AchievementManager
17:49:02.004 [JavaFX Application Thread] DEBUG Engine               - Adding new engine service: class com.almasb.fxgl.cutscene.CutsceneService
17:49:02.004 [JavaFX Application Thread] DEBUG Engine               - Adding new engine service: class com.almasb.fxgl.minigames.MiniGameService
17:49:02.007 [JavaFX Application Thread] DEBUG Engine               - Loading localizations
17:49:02.010 [JavaFX Application Thread] DEBUG AssetLoader          - Loading from file system: /assets/properties/languages/english.properties
17:49:02.013 [JavaFX Application Thread] DEBUG AssetLoader          - Loading from file system: /assets/properties/languages/french.properties
17:49:02.016 [JavaFX Application Thread] DEBUG AssetLoader          - Loading from file system: /assets/properties/languages/german.properties
17:49:02.018 [JavaFX Application Thread] DEBUG AssetLoader          - Loading from file system: /assets/properties/languages/russian.properties
17:49:02.020 [JavaFX Application Thread] DEBUG AssetLoader          - Loading from file system: /assets/properties/languages/hungarian.properties
17:49:02.022 [JavaFX Application Thread] DEBUG Engine               - Registering font factories
17:49:02.023 [JavaFX Application Thread] DEBUG AssetLoader          - Loading from file system: /assets/ui/fonts/VarelaRound-Regular.ttf
17:49:02.132 [JavaFX Application Thread] DEBUG AssetLoader          - Loading from file system: /assets/ui/fonts/Abel-Regular.ttf
17:49:02.135 [JavaFX Application Thread] DEBUG AssetLoader          - Loading from file system: /assets/ui/fonts/lucida_console.ttf
17:49:02.140 [JavaFX Application Thread] DEBUG AssetLoader          - Loading from file system: /assets/ui/fonts/Courier-Prime.ttf
17:49:02.144 [JavaFX Application Thread] DEBUG Engine               - Setting UI factory
17:49:02.263 [JavaFX Application Thread] DEBUG AssetLoader          - Loading from file system: /assets/textures/fxgl_logo.png
17:49:02.348 [JavaFX Application Thread] DEBUG MainWindow           - Creating a JavaFX scene
17:49:02.406 [JavaFX Application Thread] DEBUG MainWindow           - Target settings size: 600.0 x 600.0
17:49:02.406 [JavaFX Application Thread] DEBUG MainWindow           - Scaled scene size:    600.0 x 600.0
17:49:02.407 [JavaFX Application Thread] DEBUG MainWindow           - Scaled ratio: (1.0, 1.0)
17:49:02.409 [JavaFX Application Thread] DEBUG MainWindow           - Set initial scene to FXGLStartupScene
17:49:02.418 [JavaFX Application Thread] DEBUG AssetLoader          - Loading from file system: /assets/textures/fxgl_icon.png
17:49:02.437 [JavaFX Application Thread] DEBUG Engine               - Applying CSS: fxgl_dark.css
17:49:02.437 [JavaFX Application Thread] DEBUG AssetLoader          - Loading from file system: /assets/ui/css/fxgl_dark.css
17:49:02.441 [JavaFX Application Thread] DEBUG AssetLoader          - Loading from file system: /assets/ui/cursors/fxgl_default.png
17:49:02.443 [JavaFX Application Thread] DEBUG MainWindow           - Opening main window
17:49:02.616 [JavaFX Application Thread] DEBUG MainWindow           - Window border size: (16.0, 38.0)
17:49:02.616 [JavaFX Application Thread] DEBUG MainWindow           - Scaled size: 600.0 x 600.0
17:49:02.616 [JavaFX Application Thread] DEBUG MainWindow           - Scaled ratio: (1.0, 1.0)
17:49:02.616 [JavaFX Application Thread] DEBUG MainWindow           - Scene size: 600.0 x 600.0
17:49:02.616 [JavaFX Application Thread] DEBUG MainWindow           - Stage size: 616.0 x 638.0
17:49:02.637 [FXGL Background Thread 1 ] DEBUG FS                   - Loaded FSServiceImpl
17:49:02.637 [FXGL Background Thread 1 ] DEBUG Engine               - Loading FXGL system data
17:49:02.643 [FXGL Background Thread 1 ] DEBUG FSServiceImpl        - Reading from: c:\Users\Mauricio\Documents\NetBeansProjects\rogueworld\system\fxgl.bundle
17:49:02.654 [FXGL Background Thread 1 ] DEBUG Engine               - Bundle FXGL: {}
17:49:02.654 [FXGL Background Thread 1 ] DEBUG Engine               - Initializing application scenes
17:49:02.737 [FXGL Background Thread 1 ] DEBUG GameWorld            - Game world initialized
17:49:02.791 [FXGL Background Thread 1 ] DEBUG PhysicsWorld         - Physics world initialized: appHeight=600, physics.ppm=50,0
17:49:02.794 [FXGL Background Thread 1 ] DEBUG GameScene            - Game scene initialized: 600x600
17:49:02.835 [FXGL Background Thread 1 ] DEBUG Input                - Registered new binding: Resume - Esc
17:49:02.836 [FXGL Background Thread 1 ] DEBUG AssetLoader          - Loading from file system: /assets/textures/pause_menu_bg.png
17:49:02.868 [FXGL Background Thread 1 ] DEBUG Input                - Registered new binding: Pause - Esc
17:49:02.868 [FXGL Background Thread 1 ] DEBUG Engine               - Application scenes initialized
17:49:02.872 [JavaFX Application Thread] DEBUG Engine               - Running preInit()
17:49:02.873 [JavaFX Application Thread] DEBUG Input                - Registered new binding: Move Right - D
17:49:02.873 [JavaFX Application Thread] DEBUG Input                - Registered new binding: Move Left - A
17:49:02.873 [JavaFX Application Thread] DEBUG Input                - Registered new binding: Move Up - W
17:49:02.873 [JavaFX Application Thread] DEBUG Input                - Registered new binding: Move Down - S
17:49:02.874 [JavaFX Application Thread] DEBUG Input                - Registered new binding: Screenshot - P
17:49:02.874 [JavaFX Application Thread] DEBUG Input                - Registered new binding: System info dump - CTRL+9
17:49:02.875 [JavaFX Application Thread] DEBUG Input                - Registered new binding: Restart - CTRL+R
17:49:02.875 [JavaFX Application Thread] DEBUG Engine               - generateDefaultProfile()
17:49:02.875 [JavaFX Application Thread] DEBUG Engine               - Creating default profile
17:49:02.875 [JavaFX Application Thread] DEBUG EventBus             - Firing event: SaveEvent
17:49:02.891 [JavaFX Application Thread] INFO  Engine               - FXGL initialization took: 0,882 sec
17:49:02.892 [JavaFX Application Thread] DEBUG LoopRunner           - Starting loop
17:49:02.905 [JavaFX Application Thread] DEBUG FXGLStartupScene     - STARTUP
17:49:02.906 [JavaFX Application Thread] DEBUG Engine               - Starting new game
17:49:02.915 [JavaFX Application Thread] DEBUG Input                - Clearing active input actions
17:49:02.924 [FXGL Background Thread 1 ] DEBUG InitAppTask          - Clearing previous game
17:49:02.924 [FXGL Background Thread 1 ] DEBUG GameWorld            - Clearing game world
17:49:02.924 [FXGL Background Thread 1 ] DEBUG PhysicsWorld         - Clearing physics world
17:49:02.924 [FXGL Background Thread 1 ] DEBUG GameScene            - Clearing game scene
17:49:02.925 [FXGL Background Thread 1 ] DEBUG InitAppTask          - Initializing Game
17:49:02.931 [FXGL Background Thread 1 ] DEBUG InitAppTask          - Initializing Physics
17:49:02.931 [FXGL Background Thread 1 ] DEBUG InitAppTask          - Initializing UI
17:49:02.937 [JavaFX Application Thread] DEBUG Engine               - Removing overlay from FXGLStartupScene and adding to LoadingScene
17:49:02.937 [JavaFX Application Thread] DEBUG MainWindow           - FXGLStartupScene -> LoadingScene
17:49:02.940 [FXGL Background Thread 1 ] DEBUG InitAppTask          - Initialization Complete
17:49:02.941 [FXGL Background Thread 1 ] INFO  InitAppTask          - Game initialization took: 0,017 sec
17:49:02.994 [JavaFX Application Thread] DEBUG Input                - Clearing active input actions
17:49:03.012 [JavaFX Application Thread] DEBUG Engine               - Removing overlay from LoadingScene and adding to GameScene
17:49:03.013 [JavaFX Application Thread] DEBUG MainWindow           - LoadingScene -> GameScene
17:49:06.372 [JavaFX Application Thread] DEBUG Engine               - Exiting FXGL
17:49:06.373 [JavaFX Application Thread] DEBUG Engine               - Shutting down background threads
17:49:06.373 [JavaFX Application Thread] DEBUG Engine               - Saving FXGL system data
17:49:06.381 [JavaFX Application Thread] DEBUG FSServiceImpl        - Writing to: c:\Users\Mauricio\Documents\NetBeansProjects\rogueworld\system\fxgl.bundle
17:49:06.389 [JavaFX Application Thread] DEBUG Engine               - Closing logger and exiting JavaFX
